<?xml version="1.0" encoding="UTF-8"?>
<testsuite name="KarateRunnerTest" tests="1" skipped="0" failures="0" errors="0" timestamp="2020-12-03T13:32:58" hostname="KARATE02" time="6.942">
  <properties/>
  <testcase name="testrunAll()" classname="KarateRunnerTest" time="6.942"/>
  <system-out><![CDATA[19:02:58.706 [Test worker] INFO com.intuit.karate.RunnerOptions - found system property 'karate.options': --tags @soap
19:03:00.798 [Test worker] INFO com.intuit.karate.Runner - waiting for parallel features to complete ...
19:03:01.075 [ForkJoinPool-1-worker-1] INFO com.intuit.karate - From karate-config 
19:03:01.171 [ForkJoinPool-1-worker-1] DEBUG com.jayway.jsonpath.internal.path.CompiledPath - Evaluating path: $
19:03:01.663 [ForkJoinPool-1-worker-1] DEBUG org.apache.http.client.protocol.RequestAddCookies - CookieSpec selected: karate
19:03:01.694 [ForkJoinPool-1-worker-1] DEBUG org.apache.http.client.protocol.RequestAuthCache - Auth cache not set in the context
19:03:01.694 [ForkJoinPool-1-worker-1] DEBUG com.intuit.karate - request:
1 > POST https://www.w3schools.com/xml/tempconvert.asmx
1 > Accept-Encoding: gzip,deflate
1 > Connection: Keep-Alive
1 > Content-Length: 338
1 > Content-Type: text/xml; charset=UTF-8
1 > Host: www.w3schools.com
1 > SOAPAction: https://www.w3schools.com/xml/CelsiusToFahrenheit
1 > User-Agent: Apache-HttpClient/4.5.12 (Java/1.8.0_251)
<soap:Envelope xmlns:soap="http://schemas.xmlsoap.org/soap/envelope/" xmlns:xsd="http://www.w3.org/2001/XMLSchema" xmlns:xsi="http://www.w3.org/2001/XMLSchema-instance">
 <soap:Body>
   <CelsiusToFahrenheit xmlns="https://www.w3schools.com/xml/">
     <Celsius>37</Celsius>
   </CelsiusToFahrenheit>
  </soap:Body>
 </soap:Envelope>

19:03:01.694 [ForkJoinPool-1-worker-1] DEBUG org.apache.http.impl.conn.PoolingHttpClientConnectionManager - Connection request: [route: {s}->https://www.w3schools.com:443][total available: 0; route allocated: 0 of 5; total allocated: 0 of 10]
19:03:01.710 [ForkJoinPool-1-worker-1] DEBUG org.apache.http.impl.conn.PoolingHttpClientConnectionManager - Connection leased: [id: 0][route: {s}->https://www.w3schools.com:443][total available: 0; route allocated: 1 of 5; total allocated: 1 of 10]
19:03:01.726 [ForkJoinPool-1-worker-1] DEBUG org.apache.http.impl.execchain.MainClientExec - Opening connection {s}->https://www.w3schools.com:443
19:03:01.726 [ForkJoinPool-1-worker-1] DEBUG org.apache.http.impl.conn.DefaultHttpClientConnectionOperator - Connecting to www.w3schools.com/192.229.179.87:443
19:03:01.726 [ForkJoinPool-1-worker-1] DEBUG org.apache.http.conn.ssl.SSLConnectionSocketFactory - Connecting socket to www.w3schools.com/192.229.179.87:443 with timeout 30000
19:03:01.835 [ForkJoinPool-1-worker-1] DEBUG org.apache.http.conn.ssl.SSLConnectionSocketFactory - Enabled protocols: [TLSv1, TLSv1.1, TLSv1.2]
19:03:01.835 [ForkJoinPool-1-worker-1] DEBUG org.apache.http.conn.ssl.SSLConnectionSocketFactory - Enabled cipher suites:[TLS_ECDHE_ECDSA_WITH_AES_256_CBC_SHA384, TLS_ECDHE_RSA_WITH_AES_256_CBC_SHA384, TLS_RSA_WITH_AES_256_CBC_SHA256, TLS_ECDH_ECDSA_WITH_AES_256_CBC_SHA384, TLS_ECDH_RSA_WITH_AES_256_CBC_SHA384, TLS_DHE_RSA_WITH_AES_256_CBC_SHA256, TLS_DHE_DSS_WITH_AES_256_CBC_SHA256, TLS_ECDHE_ECDSA_WITH_AES_256_CBC_SHA, TLS_ECDHE_RSA_WITH_AES_256_CBC_SHA, TLS_RSA_WITH_AES_256_CBC_SHA, TLS_ECDH_ECDSA_WITH_AES_256_CBC_SHA, TLS_ECDH_RSA_WITH_AES_256_CBC_SHA, TLS_DHE_RSA_WITH_AES_256_CBC_SHA, TLS_DHE_DSS_WITH_AES_256_CBC_SHA, TLS_ECDHE_ECDSA_WITH_AES_128_CBC_SHA256, TLS_ECDHE_RSA_WITH_AES_128_CBC_SHA256, TLS_RSA_WITH_AES_128_CBC_SHA256, TLS_ECDH_ECDSA_WITH_AES_128_CBC_SHA256, TLS_ECDH_RSA_WITH_AES_128_CBC_SHA256, TLS_DHE_RSA_WITH_AES_128_CBC_SHA256, TLS_DHE_DSS_WITH_AES_128_CBC_SHA256, TLS_ECDHE_ECDSA_WITH_AES_128_CBC_SHA, TLS_ECDHE_RSA_WITH_AES_128_CBC_SHA, TLS_RSA_WITH_AES_128_CBC_SHA, TLS_ECDH_ECDSA_WITH_AES_128_CBC_SHA, TLS_ECDH_RSA_WITH_AES_128_CBC_SHA, TLS_DHE_RSA_WITH_AES_128_CBC_SHA, TLS_DHE_DSS_WITH_AES_128_CBC_SHA, TLS_ECDHE_ECDSA_WITH_AES_256_GCM_SHA384, TLS_ECDHE_ECDSA_WITH_AES_128_GCM_SHA256, TLS_ECDHE_RSA_WITH_AES_256_GCM_SHA384, TLS_RSA_WITH_AES_256_GCM_SHA384, TLS_ECDH_ECDSA_WITH_AES_256_GCM_SHA384, TLS_ECDH_RSA_WITH_AES_256_GCM_SHA384, TLS_DHE_RSA_WITH_AES_256_GCM_SHA384, TLS_DHE_DSS_WITH_AES_256_GCM_SHA384, TLS_ECDHE_RSA_WITH_AES_128_GCM_SHA256, TLS_RSA_WITH_AES_128_GCM_SHA256, TLS_ECDH_ECDSA_WITH_AES_128_GCM_SHA256, TLS_ECDH_RSA_WITH_AES_128_GCM_SHA256, TLS_DHE_RSA_WITH_AES_128_GCM_SHA256, TLS_DHE_DSS_WITH_AES_128_GCM_SHA256, TLS_EMPTY_RENEGOTIATION_INFO_SCSV]
19:03:01.835 [ForkJoinPool-1-worker-1] DEBUG org.apache.http.conn.ssl.SSLConnectionSocketFactory - Starting handshake
19:03:01.960 [ForkJoinPool-1-worker-1] DEBUG org.apache.http.conn.ssl.SSLConnectionSocketFactory - Secure session established
19:03:01.960 [ForkJoinPool-1-worker-1] DEBUG org.apache.http.conn.ssl.SSLConnectionSocketFactory -  negotiated protocol: TLSv1.2
19:03:01.960 [ForkJoinPool-1-worker-1] DEBUG org.apache.http.conn.ssl.SSLConnectionSocketFactory -  negotiated cipher suite: TLS_ECDHE_RSA_WITH_AES_128_GCM_SHA256
19:03:01.960 [ForkJoinPool-1-worker-1] DEBUG org.apache.http.conn.ssl.SSLConnectionSocketFactory -  peer principal: CN=*.w3schools.com, OU=IT, O="Verizon Digital Media Services, Inc.", L=Los Angeles, ST=California, C=US
19:03:01.960 [ForkJoinPool-1-worker-1] DEBUG org.apache.http.conn.ssl.SSLConnectionSocketFactory -  peer alternative names: [*.w3schools.com, w3schools.com]
19:03:01.960 [ForkJoinPool-1-worker-1] DEBUG org.apache.http.conn.ssl.SSLConnectionSocketFactory -  issuer principal: CN=DigiCert SHA2 Secure Server CA, O=DigiCert Inc, C=US
19:03:01.960 [ForkJoinPool-1-worker-1] DEBUG org.apache.http.impl.conn.DefaultHttpClientConnectionOperator - Connection established 10.1.0.215:61295<->192.229.179.87:443
19:03:01.960 [ForkJoinPool-1-worker-1] DEBUG org.apache.http.impl.conn.DefaultManagedHttpClientConnection - http-outgoing-0: set socket timeout to 30000
19:03:01.960 [ForkJoinPool-1-worker-1] DEBUG org.apache.http.impl.execchain.MainClientExec - Executing request POST /xml/tempconvert.asmx HTTP/1.1
19:03:01.960 [ForkJoinPool-1-worker-1] DEBUG org.apache.http.impl.execchain.MainClientExec - Target auth state: UNCHALLENGED
19:03:01.960 [ForkJoinPool-1-worker-1] DEBUG org.apache.http.impl.execchain.MainClientExec - Proxy auth state: UNCHALLENGED
19:03:01.976 [ForkJoinPool-1-worker-1] DEBUG org.apache.http.headers - http-outgoing-0 >> POST /xml/tempconvert.asmx HTTP/1.1
19:03:01.976 [ForkJoinPool-1-worker-1] DEBUG org.apache.http.headers - http-outgoing-0 >> Content-Type: text/xml; charset=UTF-8
19:03:01.976 [ForkJoinPool-1-worker-1] DEBUG org.apache.http.headers - http-outgoing-0 >> SOAPAction: https://www.w3schools.com/xml/CelsiusToFahrenheit
19:03:01.976 [ForkJoinPool-1-worker-1] DEBUG org.apache.http.headers - http-outgoing-0 >> Content-Length: 338
19:03:01.976 [ForkJoinPool-1-worker-1] DEBUG org.apache.http.headers - http-outgoing-0 >> Host: www.w3schools.com
19:03:01.976 [ForkJoinPool-1-worker-1] DEBUG org.apache.http.headers - http-outgoing-0 >> Connection: Keep-Alive
19:03:01.976 [ForkJoinPool-1-worker-1] DEBUG org.apache.http.headers - http-outgoing-0 >> User-Agent: Apache-HttpClient/4.5.12 (Java/1.8.0_251)
19:03:01.976 [ForkJoinPool-1-worker-1] DEBUG org.apache.http.headers - http-outgoing-0 >> Accept-Encoding: gzip,deflate
19:03:01.976 [ForkJoinPool-1-worker-1] DEBUG org.apache.http.wire - http-outgoing-0 >> "POST /xml/tempconvert.asmx HTTP/1.1[\r][\n]"
19:03:01.976 [ForkJoinPool-1-worker-1] DEBUG org.apache.http.wire - http-outgoing-0 >> "Content-Type: text/xml; charset=UTF-8[\r][\n]"
19:03:01.976 [ForkJoinPool-1-worker-1] DEBUG org.apache.http.wire - http-outgoing-0 >> "SOAPAction: https://www.w3schools.com/xml/CelsiusToFahrenheit[\r][\n]"
19:03:01.976 [ForkJoinPool-1-worker-1] DEBUG org.apache.http.wire - http-outgoing-0 >> "Content-Length: 338[\r][\n]"
19:03:01.976 [ForkJoinPool-1-worker-1] DEBUG org.apache.http.wire - http-outgoing-0 >> "Host: www.w3schools.com[\r][\n]"
19:03:01.976 [ForkJoinPool-1-worker-1] DEBUG org.apache.http.wire - http-outgoing-0 >> "Connection: Keep-Alive[\r][\n]"
19:03:01.976 [ForkJoinPool-1-worker-1] DEBUG org.apache.http.wire - http-outgoing-0 >> "User-Agent: Apache-HttpClient/4.5.12 (Java/1.8.0_251)[\r][\n]"
19:03:01.976 [ForkJoinPool-1-worker-1] DEBUG org.apache.http.wire - http-outgoing-0 >> "Accept-Encoding: gzip,deflate[\r][\n]"
19:03:01.976 [ForkJoinPool-1-worker-1] DEBUG org.apache.http.wire - http-outgoing-0 >> "[\r][\n]"
19:03:01.976 [ForkJoinPool-1-worker-1] DEBUG org.apache.http.wire - http-outgoing-0 >> "<soap:Envelope xmlns:soap="http://schemas.xmlsoap.org/soap/envelope/" xmlns:xsd="http://www.w3.org/2001/XMLSchema" xmlns:xsi="http://www.w3.org/2001/XMLSchema-instance">[\r][\n]"
19:03:01.976 [ForkJoinPool-1-worker-1] DEBUG org.apache.http.wire - http-outgoing-0 >> " <soap:Body>[\r][\n]"
19:03:01.976 [ForkJoinPool-1-worker-1] DEBUG org.apache.http.wire - http-outgoing-0 >> "   <CelsiusToFahrenheit xmlns="https://www.w3schools.com/xml/">[\r][\n]"
19:03:01.976 [ForkJoinPool-1-worker-1] DEBUG org.apache.http.wire - http-outgoing-0 >> "     <Celsius>37</Celsius>[\r][\n]"
19:03:01.976 [ForkJoinPool-1-worker-1] DEBUG org.apache.http.wire - http-outgoing-0 >> "   </CelsiusToFahrenheit>[\r][\n]"
19:03:01.976 [ForkJoinPool-1-worker-1] DEBUG org.apache.http.wire - http-outgoing-0 >> "  </soap:Body>[\r][\n]"
19:03:01.976 [ForkJoinPool-1-worker-1] DEBUG org.apache.http.wire - http-outgoing-0 >> " </soap:Envelope>"
19:03:02.226 [ForkJoinPool-1-worker-1] DEBUG org.apache.http.wire - http-outgoing-0 << "HTTP/1.1 200 OK[\r][\n]"
19:03:02.226 [ForkJoinPool-1-worker-1] DEBUG org.apache.http.wire - http-outgoing-0 << "Content-Encoding: gzip[\r][\n]"
19:03:02.226 [ForkJoinPool-1-worker-1] DEBUG org.apache.http.wire - http-outgoing-0 << "Cache-Control: private, max-age=0,public[\r][\n]"
19:03:02.226 [ForkJoinPool-1-worker-1] DEBUG org.apache.http.wire - http-outgoing-0 << "Content-Type: text/xml; charset=utf-8[\r][\n]"
19:03:02.226 [ForkJoinPool-1-worker-1] DEBUG org.apache.http.wire - http-outgoing-0 << "Date: Thu, 03 Dec 2020 13:39:56 GMT[\r][\n]"
19:03:02.226 [ForkJoinPool-1-worker-1] DEBUG org.apache.http.wire - http-outgoing-0 << "Server: Microsoft-IIS/7.5[\r][\n]"
19:03:02.226 [ForkJoinPool-1-worker-1] DEBUG org.apache.http.wire - http-outgoing-0 << "Vary: Accept-Encoding[\r][\n]"
19:03:02.226 [ForkJoinPool-1-worker-1] DEBUG org.apache.http.wire - http-outgoing-0 << "X-AspNet-Version: 4.0.30319[\r][\n]"
19:03:02.226 [ForkJoinPool-1-worker-1] DEBUG org.apache.http.wire - http-outgoing-0 << "X-Frame-Options: SAMEORIGIN[\r][\n]"
19:03:02.226 [ForkJoinPool-1-worker-1] DEBUG org.apache.http.wire - http-outgoing-0 << "X-Powered-By: ASP.NET[\r][\n]"
19:03:02.226 [ForkJoinPool-1-worker-1] DEBUG org.apache.http.wire - http-outgoing-0 << "Content-Length: 322[\r][\n]"
19:03:02.226 [ForkJoinPool-1-worker-1] DEBUG org.apache.http.wire - http-outgoing-0 << "[\r][\n]"
19:03:02.226 [ForkJoinPool-1-worker-1] DEBUG org.apache.http.headers - http-outgoing-0 << HTTP/1.1 200 OK
19:03:02.226 [ForkJoinPool-1-worker-1] DEBUG org.apache.http.headers - http-outgoing-0 << Content-Encoding: gzip
19:03:02.226 [ForkJoinPool-1-worker-1] DEBUG org.apache.http.headers - http-outgoing-0 << Cache-Control: private, max-age=0,public
19:03:02.226 [ForkJoinPool-1-worker-1] DEBUG org.apache.http.headers - http-outgoing-0 << Content-Type: text/xml; charset=utf-8
19:03:02.226 [ForkJoinPool-1-worker-1] DEBUG org.apache.http.headers - http-outgoing-0 << Date: Thu, 03 Dec 2020 13:39:56 GMT
19:03:02.226 [ForkJoinPool-1-worker-1] DEBUG org.apache.http.headers - http-outgoing-0 << Server: Microsoft-IIS/7.5
19:03:02.226 [ForkJoinPool-1-worker-1] DEBUG org.apache.http.headers - http-outgoing-0 << Vary: Accept-Encoding
19:03:02.226 [ForkJoinPool-1-worker-1] DEBUG org.apache.http.headers - http-outgoing-0 << X-AspNet-Version: 4.0.30319
19:03:02.226 [ForkJoinPool-1-worker-1] DEBUG org.apache.http.headers - http-outgoing-0 << X-Frame-Options: SAMEORIGIN
19:03:02.226 [ForkJoinPool-1-worker-1] DEBUG org.apache.http.headers - http-outgoing-0 << X-Powered-By: ASP.NET
19:03:02.226 [ForkJoinPool-1-worker-1] DEBUG org.apache.http.headers - http-outgoing-0 << Content-Length: 322
19:03:02.241 [ForkJoinPool-1-worker-1] DEBUG org.apache.http.impl.execchain.MainClientExec - Connection can be kept alive indefinitely
19:03:02.241 [ForkJoinPool-1-worker-1] DEBUG org.apache.http.wire - http-outgoing-0 << "[0x1f][0x8b][0x8][0x0][0x0][0x0][0x0][0x0][0x4][0x0][0xed][0xbd][0x7]`[0x1c]I[0x96]%&/m[0xca]{]]>&#x7f;<![CDATA[J[0xf5]J[0xd7][0xe0]t[0xa1][0x8][0x80]`[0x13]$[0xd8][0x90]@[0x10][0xec][0xc1][0x88][0xcd][0xe6][0x92][0xec][0x1d]iG#)[0xab]*[0x81][0xca]eVe]f[0x16]@[0xcc][0xed][0x9d][0xbc][0xf7][0xde]{[0xef][0xbd][0xf7][0xde]{[0xef][0xbd][0xf7][0xba];[0x9d]N'[0xf7][0xdf][0xff]?\fd[0x1]l[0xf6][0xce]J[0xda][0xc9][0x9e]![0x80][0xaa][0xc8][0x1f]?~|[0x1f]?"[0x1e][0xff][0x1e][0xef][0x16]ez[0x99][0xd7]MQ-?[0xfb]hw[0xbc][0xf3]Q[0x9a]/[0xa7][0xd5][0xac]X^|[0xf6][0xd1][0xba]=[0xdf]>[0xf8][0xe8][0xf7]8z[0xdc]T[0xd9][0xea][0xd1][0xe9][0xf2]2/[0xab]U[0x9e][0xd2]+[0xcb][0xe6][0x11]>[0xfb][0xec][0xa3]y[0xdb][0xae][0x1e][0xdd][0xbd][0xdb]L[0xe7][0xf9]"k[0xc6][0xf4][0x15]>[0x1f]W[0xf5][0xc5]][0xfc]r7[0xd7][0x97][0xee]~[0xa4][0xaf][0xbd]k[\n]"
19:03:02.241 [ForkJoinPool-1-worker-1] DEBUG org.apache.http.wire - http-outgoing-0 << "[0xfb][0xd6][0xd5][0xd5][0xd5][0xf8][0xea][0x1e]7[0xde][0xdb][0xd9][0xd9][0xbd][0xfb]{]]>&#x7f;<![CDATA[[0xf1][0xfc]5[0x3][0xda].[0x96]M[0x9b]-[0xa7][0xb9]{kv[0xf3][[0x1f])[0xa2]O[0xaa][0xd9][0xf5][0xd1][0xe3][0x93][0xbc]l[0x8a]u[0xf3][0xa6]z[0x96][0xcd][0xeb]|9[0xcf][0x8b][0xf6]U[0xde][0xac][0xaa]e[0xa3]#[0x10][0x80][0x8d][0x85]Hc[0xa8][0xaa][0xb2][0x19]O[0xab][0xc5]]jp[0x97][0xc0][0xc5]a[0xac][0xcb][0xf6][0xe8][0xe1][0xc1][0xf8][0xd3][0xc7]w[0x87][0xbf][0x1f][0xfa][0x8e][0xfb][0xa7]o=D[0xe5]wC[0xdd][0xa3][0xff][0x7][0x14]j[0xe5][0x2][0x93][0x1][0x0][0x0]"
19:03:02.241 [ForkJoinPool-1-worker-1] DEBUG org.apache.http.impl.conn.PoolingHttpClientConnectionManager - Connection [id: 0][route: {s}->https://www.w3schools.com:443] can be kept alive indefinitely
19:03:02.241 [ForkJoinPool-1-worker-1] DEBUG org.apache.http.impl.conn.DefaultManagedHttpClientConnection - http-outgoing-0: set socket timeout to 0
19:03:02.241 [ForkJoinPool-1-worker-1] DEBUG org.apache.http.impl.conn.PoolingHttpClientConnectionManager - Connection released: [id: 0][route: {s}->https://www.w3schools.com:443][total available: 1; route allocated: 1 of 5; total allocated: 1 of 10]
19:03:02.241 [ForkJoinPool-1-worker-1] DEBUG com.intuit.karate - response time in milliseconds: 546.03
1 < 200
1 < Cache-Control: private, max-age=0,public
1 < Content-Type: text/xml; charset=utf-8
1 < Date: Thu, 03 Dec 2020 13:39:56 GMT
1 < Server: Microsoft-IIS/7.5
1 < Vary: Accept-Encoding
1 < X-AspNet-Version: 4.0.30319
1 < X-Frame-Options: SAMEORIGIN
1 < X-Powered-By: ASP.NET
<?xml version="1.0" encoding="utf-8"?><soap:Envelope xmlns:soap="http://schemas.xmlsoap.org/soap/envelope/" xmlns:xsi="http://www.w3.org/2001/XMLSchema-instance" xmlns:xsd="http://www.w3.org/2001/XMLSchema"><soap:Body><CelsiusToFahrenheitResponse xmlns="https://www.w3schools.com/xml/"><CelsiusToFahrenheitResult>98.6</CelsiusToFahrenheitResult></CelsiusToFahrenheitResponse></soap:Body></soap:Envelope>

19:03:02.288 [ForkJoinPool-1-worker-1] DEBUG com.jayway.jsonpath.internal.path.CompiledPath - Evaluating path: $
19:03:02.288 [ForkJoinPool-1-worker-1] DEBUG com.jayway.jsonpath.internal.path.CompiledPath - Evaluating path: $['Server']
19:03:02.288 [ForkJoinPool-1-worker-1] DEBUG com.jayway.jsonpath.internal.path.CompiledPath - Evaluating path: $
19:03:02.288 [ForkJoinPool-1-worker-1] DEBUG com.jayway.jsonpath.internal.path.CompiledPath - Evaluating path: $['Server'][0]
19:03:02.319 [pool-1-thread-1] INFO com.intuit.karate.Runner - <<pass>> feature 6 of 22: classpath:featurefiles/karate04.feature
---------------------------------------------------------
feature: classpath:featurefiles/karate04.feature
report: build\surefire-reports\featurefiles.karate04.json
scenarios:  1 | passed:  1 | failed:  0 | time: 1.1219
---------------------------------------------------------
19:03:02.335 [ForkJoinPool-1-worker-1] INFO com.intuit.karate - From karate-config 
19:03:02.335 [ForkJoinPool-1-worker-1] DEBUG com.jayway.jsonpath.internal.path.CompiledPath - Evaluating path: $
19:03:02.351 [ForkJoinPool-1-worker-1] DEBUG org.apache.http.client.protocol.RequestAddCookies - CookieSpec selected: karate
19:03:02.351 [ForkJoinPool-1-worker-1] DEBUG org.apache.http.client.protocol.RequestAuthCache - Auth cache not set in the context
19:03:02.351 [ForkJoinPool-1-worker-1] DEBUG com.intuit.karate - request:
1 > POST https://www.w3schools.com/xml/tempconvert.asmx/CelsiusToFahrenheit
1 > Accept-Encoding: gzip,deflate
1 > Connection: Keep-Alive
1 > Content-Length: 10
1 > Content-Type: application/x-www-form-urlencoded; charset=UTF-8
1 > Host: www.w3schools.com
1 > User-Agent: Apache-HttpClient/4.5.12 (Java/1.8.0_251)
Celsius=40

19:03:02.351 [ForkJoinPool-1-worker-1] DEBUG org.apache.http.impl.conn.PoolingHttpClientConnectionManager - Connection request: [route: {s}->https://www.w3schools.com:443][total available: 0; route allocated: 0 of 5; total allocated: 0 of 10]
19:03:02.351 [ForkJoinPool-1-worker-1] DEBUG org.apache.http.impl.conn.PoolingHttpClientConnectionManager - Connection leased: [id: 1][route: {s}->https://www.w3schools.com:443][total available: 0; route allocated: 1 of 5; total allocated: 1 of 10]
19:03:02.351 [ForkJoinPool-1-worker-1] DEBUG org.apache.http.impl.execchain.MainClientExec - Opening connection {s}->https://www.w3schools.com:443
19:03:02.351 [ForkJoinPool-1-worker-1] DEBUG org.apache.http.impl.conn.DefaultHttpClientConnectionOperator - Connecting to www.w3schools.com/192.229.179.87:443
19:03:02.351 [ForkJoinPool-1-worker-1] DEBUG org.apache.http.conn.ssl.SSLConnectionSocketFactory - Connecting socket to www.w3schools.com/192.229.179.87:443 with timeout 30000
19:03:02.351 [ForkJoinPool-1-worker-1] DEBUG org.apache.http.conn.ssl.SSLConnectionSocketFactory - Enabled protocols: [TLSv1, TLSv1.1, TLSv1.2]
19:03:02.351 [ForkJoinPool-1-worker-1] DEBUG org.apache.http.conn.ssl.SSLConnectionSocketFactory - Enabled cipher suites:[TLS_ECDHE_ECDSA_WITH_AES_256_CBC_SHA384, TLS_ECDHE_RSA_WITH_AES_256_CBC_SHA384, TLS_RSA_WITH_AES_256_CBC_SHA256, TLS_ECDH_ECDSA_WITH_AES_256_CBC_SHA384, TLS_ECDH_RSA_WITH_AES_256_CBC_SHA384, TLS_DHE_RSA_WITH_AES_256_CBC_SHA256, TLS_DHE_DSS_WITH_AES_256_CBC_SHA256, TLS_ECDHE_ECDSA_WITH_AES_256_CBC_SHA, TLS_ECDHE_RSA_WITH_AES_256_CBC_SHA, TLS_RSA_WITH_AES_256_CBC_SHA, TLS_ECDH_ECDSA_WITH_AES_256_CBC_SHA, TLS_ECDH_RSA_WITH_AES_256_CBC_SHA, TLS_DHE_RSA_WITH_AES_256_CBC_SHA, TLS_DHE_DSS_WITH_AES_256_CBC_SHA, TLS_ECDHE_ECDSA_WITH_AES_128_CBC_SHA256, TLS_ECDHE_RSA_WITH_AES_128_CBC_SHA256, TLS_RSA_WITH_AES_128_CBC_SHA256, TLS_ECDH_ECDSA_WITH_AES_128_CBC_SHA256, TLS_ECDH_RSA_WITH_AES_128_CBC_SHA256, TLS_DHE_RSA_WITH_AES_128_CBC_SHA256, TLS_DHE_DSS_WITH_AES_128_CBC_SHA256, TLS_ECDHE_ECDSA_WITH_AES_128_CBC_SHA, TLS_ECDHE_RSA_WITH_AES_128_CBC_SHA, TLS_RSA_WITH_AES_128_CBC_SHA, TLS_ECDH_ECDSA_WITH_AES_128_CBC_SHA, TLS_ECDH_RSA_WITH_AES_128_CBC_SHA, TLS_DHE_RSA_WITH_AES_128_CBC_SHA, TLS_DHE_DSS_WITH_AES_128_CBC_SHA, TLS_ECDHE_ECDSA_WITH_AES_256_GCM_SHA384, TLS_ECDHE_ECDSA_WITH_AES_128_GCM_SHA256, TLS_ECDHE_RSA_WITH_AES_256_GCM_SHA384, TLS_RSA_WITH_AES_256_GCM_SHA384, TLS_ECDH_ECDSA_WITH_AES_256_GCM_SHA384, TLS_ECDH_RSA_WITH_AES_256_GCM_SHA384, TLS_DHE_RSA_WITH_AES_256_GCM_SHA384, TLS_DHE_DSS_WITH_AES_256_GCM_SHA384, TLS_ECDHE_RSA_WITH_AES_128_GCM_SHA256, TLS_RSA_WITH_AES_128_GCM_SHA256, TLS_ECDH_ECDSA_WITH_AES_128_GCM_SHA256, TLS_ECDH_RSA_WITH_AES_128_GCM_SHA256, TLS_DHE_RSA_WITH_AES_128_GCM_SHA256, TLS_DHE_DSS_WITH_AES_128_GCM_SHA256, TLS_EMPTY_RENEGOTIATION_INFO_SCSV]
19:03:02.351 [ForkJoinPool-1-worker-1] DEBUG org.apache.http.conn.ssl.SSLConnectionSocketFactory - Starting handshake
19:03:02.397 [ForkJoinPool-1-worker-1] DEBUG org.apache.http.conn.ssl.SSLConnectionSocketFactory - Secure session established
19:03:02.397 [ForkJoinPool-1-worker-1] DEBUG org.apache.http.conn.ssl.SSLConnectionSocketFactory -  negotiated protocol: TLSv1.2
19:03:02.397 [ForkJoinPool-1-worker-1] DEBUG org.apache.http.conn.ssl.SSLConnectionSocketFactory -  negotiated cipher suite: TLS_ECDHE_RSA_WITH_AES_128_GCM_SHA256
19:03:02.397 [ForkJoinPool-1-worker-1] DEBUG org.apache.http.conn.ssl.SSLConnectionSocketFactory -  peer principal: CN=*.w3schools.com, OU=IT, O="Verizon Digital Media Services, Inc.", L=Los Angeles, ST=California, C=US
19:03:02.397 [ForkJoinPool-1-worker-1] DEBUG org.apache.http.conn.ssl.SSLConnectionSocketFactory -  peer alternative names: [*.w3schools.com, w3schools.com]
19:03:02.397 [ForkJoinPool-1-worker-1] DEBUG org.apache.http.conn.ssl.SSLConnectionSocketFactory -  issuer principal: CN=DigiCert SHA2 Secure Server CA, O=DigiCert Inc, C=US
19:03:02.397 [ForkJoinPool-1-worker-1] DEBUG org.apache.http.impl.conn.DefaultHttpClientConnectionOperator - Connection established 10.1.0.215:61296<->192.229.179.87:443
19:03:02.397 [ForkJoinPool-1-worker-1] DEBUG org.apache.http.impl.conn.DefaultManagedHttpClientConnection - http-outgoing-1: set socket timeout to 30000
19:03:02.397 [ForkJoinPool-1-worker-1] DEBUG org.apache.http.impl.execchain.MainClientExec - Executing request POST /xml/tempconvert.asmx/CelsiusToFahrenheit HTTP/1.1
19:03:02.397 [ForkJoinPool-1-worker-1] DEBUG org.apache.http.impl.execchain.MainClientExec - Target auth state: UNCHALLENGED
19:03:02.397 [ForkJoinPool-1-worker-1] DEBUG org.apache.http.impl.execchain.MainClientExec - Proxy auth state: UNCHALLENGED
19:03:02.397 [ForkJoinPool-1-worker-1] DEBUG org.apache.http.headers - http-outgoing-1 >> POST /xml/tempconvert.asmx/CelsiusToFahrenheit HTTP/1.1
19:03:02.397 [ForkJoinPool-1-worker-1] DEBUG org.apache.http.headers - http-outgoing-1 >> Content-Type: application/x-www-form-urlencoded; charset=UTF-8
19:03:02.397 [ForkJoinPool-1-worker-1] DEBUG org.apache.http.headers - http-outgoing-1 >> Content-Length: 10
19:03:02.397 [ForkJoinPool-1-worker-1] DEBUG org.apache.http.headers - http-outgoing-1 >> Host: www.w3schools.com
19:03:02.397 [ForkJoinPool-1-worker-1] DEBUG org.apache.http.headers - http-outgoing-1 >> Connection: Keep-Alive
19:03:02.397 [ForkJoinPool-1-worker-1] DEBUG org.apache.http.headers - http-outgoing-1 >> User-Agent: Apache-HttpClient/4.5.12 (Java/1.8.0_251)
19:03:02.397 [ForkJoinPool-1-worker-1] DEBUG org.apache.http.headers - http-outgoing-1 >> Accept-Encoding: gzip,deflate
19:03:02.397 [ForkJoinPool-1-worker-1] DEBUG org.apache.http.wire - http-outgoing-1 >> "POST /xml/tempconvert.asmx/CelsiusToFahrenheit HTTP/1.1[\r][\n]"
19:03:02.397 [ForkJoinPool-1-worker-1] DEBUG org.apache.http.wire - http-outgoing-1 >> "Content-Type: application/x-www-form-urlencoded; charset=UTF-8[\r][\n]"
19:03:02.397 [ForkJoinPool-1-worker-1] DEBUG org.apache.http.wire - http-outgoing-1 >> "Content-Length: 10[\r][\n]"
19:03:02.397 [ForkJoinPool-1-worker-1] DEBUG org.apache.http.wire - http-outgoing-1 >> "Host: www.w3schools.com[\r][\n]"
19:03:02.397 [ForkJoinPool-1-worker-1] DEBUG org.apache.http.wire - http-outgoing-1 >> "Connection: Keep-Alive[\r][\n]"
19:03:02.397 [ForkJoinPool-1-worker-1] DEBUG org.apache.http.wire - http-outgoing-1 >> "User-Agent: Apache-HttpClient/4.5.12 (Java/1.8.0_251)[\r][\n]"
19:03:02.397 [ForkJoinPool-1-worker-1] DEBUG org.apache.http.wire - http-outgoing-1 >> "Accept-Encoding: gzip,deflate[\r][\n]"
19:03:02.397 [ForkJoinPool-1-worker-1] DEBUG org.apache.http.wire - http-outgoing-1 >> "[\r][\n]"
19:03:02.397 [ForkJoinPool-1-worker-1] DEBUG org.apache.http.wire - http-outgoing-1 >> "Celsius=40"
19:03:02.647 [ForkJoinPool-1-worker-1] DEBUG org.apache.http.wire - http-outgoing-1 << "HTTP/1.1 200 OK[\r][\n]"
19:03:02.647 [ForkJoinPool-1-worker-1] DEBUG org.apache.http.wire - http-outgoing-1 << "Content-Encoding: gzip[\r][\n]"
19:03:02.647 [ForkJoinPool-1-worker-1] DEBUG org.apache.http.wire - http-outgoing-1 << "Cache-Control: private, max-age=0,public[\r][\n]"
19:03:02.647 [ForkJoinPool-1-worker-1] DEBUG org.apache.http.wire - http-outgoing-1 << "Content-Type: text/xml; charset=utf-8[\r][\n]"
19:03:02.647 [ForkJoinPool-1-worker-1] DEBUG org.apache.http.wire - http-outgoing-1 << "Date: Thu, 03 Dec 2020 13:39:56 GMT[\r][\n]"
19:03:02.647 [ForkJoinPool-1-worker-1] DEBUG org.apache.http.wire - http-outgoing-1 << "Server: Microsoft-IIS/7.5[\r][\n]"
19:03:02.647 [ForkJoinPool-1-worker-1] DEBUG org.apache.http.wire - http-outgoing-1 << "Vary: Accept-Encoding[\r][\n]"
19:03:02.647 [ForkJoinPool-1-worker-1] DEBUG org.apache.http.wire - http-outgoing-1 << "X-AspNet-Version: 4.0.30319[\r][\n]"
19:03:02.647 [ForkJoinPool-1-worker-1] DEBUG org.apache.http.wire - http-outgoing-1 << "X-Frame-Options: SAMEORIGIN[\r][\n]"
19:03:02.647 [ForkJoinPool-1-worker-1] DEBUG org.apache.http.wire - http-outgoing-1 << "X-Powered-By: ASP.NET[\r][\n]"
19:03:02.647 [ForkJoinPool-1-worker-1] DEBUG org.apache.http.wire - http-outgoing-1 << "Content-Length: 207[\r][\n]"
19:03:02.647 [ForkJoinPool-1-worker-1] DEBUG org.apache.http.wire - http-outgoing-1 << "[\r][\n]"
19:03:02.647 [ForkJoinPool-1-worker-1] DEBUG org.apache.http.headers - http-outgoing-1 << HTTP/1.1 200 OK
19:03:02.647 [ForkJoinPool-1-worker-1] DEBUG org.apache.http.headers - http-outgoing-1 << Content-Encoding: gzip
19:03:02.647 [ForkJoinPool-1-worker-1] DEBUG org.apache.http.headers - http-outgoing-1 << Cache-Control: private, max-age=0,public
19:03:02.647 [ForkJoinPool-1-worker-1] DEBUG org.apache.http.headers - http-outgoing-1 << Content-Type: text/xml; charset=utf-8
19:03:02.647 [ForkJoinPool-1-worker-1] DEBUG org.apache.http.headers - http-outgoing-1 << Date: Thu, 03 Dec 2020 13:39:56 GMT
19:03:02.647 [ForkJoinPool-1-worker-1] DEBUG org.apache.http.headers - http-outgoing-1 << Server: Microsoft-IIS/7.5
19:03:02.647 [ForkJoinPool-1-worker-1] DEBUG org.apache.http.headers - http-outgoing-1 << Vary: Accept-Encoding
19:03:02.647 [ForkJoinPool-1-worker-1] DEBUG org.apache.http.headers - http-outgoing-1 << X-AspNet-Version: 4.0.30319
19:03:02.647 [ForkJoinPool-1-worker-1] DEBUG org.apache.http.headers - http-outgoing-1 << X-Frame-Options: SAMEORIGIN
19:03:02.647 [ForkJoinPool-1-worker-1] DEBUG org.apache.http.headers - http-outgoing-1 << X-Powered-By: ASP.NET
19:03:02.647 [ForkJoinPool-1-worker-1] DEBUG org.apache.http.headers - http-outgoing-1 << Content-Length: 207
19:03:02.647 [ForkJoinPool-1-worker-1] DEBUG org.apache.http.impl.execchain.MainClientExec - Connection can be kept alive indefinitely
19:03:02.647 [ForkJoinPool-1-worker-1] DEBUG org.apache.http.wire - http-outgoing-1 << "[0x1f][0x8b][0x8][0x0][0x0][0x0][0x0][0x0][0x4][0x0][0xed][0xbd][0x7]`[0x1c]I[0x96]%&/m[0xca]{]]>&#x7f;<![CDATA[J[0xf5]J[0xd7][0xe0]t[0xa1][0x8][0x80]`[0x13]$[0xd8][0x90]@[0x10][0xec][0xc1][0x88][0xcd][0xe6][0x92][0xec][0x1d]iG#)[0xab]*[0x81][0xca]eVe]f[0x16]@[0xcc][0xed][0x9d][0xbc][0xf7][0xde]{[0xef][0xbd][0xf7][0xde]{[0xef][0xbd][0xf7][0xba];[0x9d]N'[0xf7][0xdf][0xff]?\fd[0x1]l[0xf6][0xce]J[0xda][0xc9][0x9e]![0x80][0xaa][0xc8][0x1f]?~|[0x1f]?"[0x1e][0xff][0x1e][0xef][0x16]ez[0x99][0xd7]MQ-?[0xfb]hw[0xbc][0xf3]Q[0x9a]/[0xa7][0xd5][0xac]X^|[0xf6][0xd1][0xba]=[0xdf]>[0xf8][0xe8][0xf7]8[0xfa][0x8d][0x93][0xc7]M[[0xd3]G)[0xb5]^6[0x9f]}4o[0xdb]U[0xf3][0xe8][0xee][0xdd][0xab][0xab][0xab][0xf1][0xd5][0xbd]f:[0xaf][0xaa][0xb2][0x19]O[0xab][0xc5]]jp[0xf7][0xa3][0xa3][0xdd][0x9d][0xfd][0xc7]w[0xe5][0x95][0xa3][0xff][0x7] [0xa2]\[0x8c]c[0x0][0x0][0x0]"
19:03:02.647 [ForkJoinPool-1-worker-1] DEBUG org.apache.http.impl.conn.PoolingHttpClientConnectionManager - Connection [id: 1][route: {s}->https://www.w3schools.com:443] can be kept alive indefinitely
19:03:02.647 [ForkJoinPool-1-worker-1] DEBUG org.apache.http.impl.conn.DefaultManagedHttpClientConnection - http-outgoing-1: set socket timeout to 0
19:03:02.647 [ForkJoinPool-1-worker-1] DEBUG org.apache.http.impl.conn.PoolingHttpClientConnectionManager - Connection released: [id: 1][route: {s}->https://www.w3schools.com:443][total available: 1; route allocated: 1 of 5; total allocated: 1 of 10]
19:03:02.647 [ForkJoinPool-1-worker-1] DEBUG com.intuit.karate - response time in milliseconds: 293.15
1 < 200
1 < Cache-Control: private, max-age=0,public
1 < Content-Type: text/xml; charset=utf-8
1 < Date: Thu, 03 Dec 2020 13:39:56 GMT
1 < Server: Microsoft-IIS/7.5
1 < Vary: Accept-Encoding
1 < X-AspNet-Version: 4.0.30319
1 < X-Frame-Options: SAMEORIGIN
1 < X-Powered-By: ASP.NET
<?xml version="1.0" encoding="utf-8"?>
<string xmlns="https://www.w3schools.com/xml/">104</string>

19:03:02.663 [ForkJoinPool-1-worker-1] DEBUG com.jayway.jsonpath.internal.path.CompiledPath - Evaluating path: $
19:03:02.663 [ForkJoinPool-1-worker-1] DEBUG com.jayway.jsonpath.internal.path.CompiledPath - Evaluating path: $['Server']
19:03:02.663 [ForkJoinPool-1-worker-1] DEBUG com.jayway.jsonpath.internal.path.CompiledPath - Evaluating path: $
19:03:02.663 [ForkJoinPool-1-worker-1] DEBUG com.jayway.jsonpath.internal.path.CompiledPath - Evaluating path: $['Server'][0]
19:03:02.663 [pool-1-thread-1] INFO com.intuit.karate.Runner - <<pass>> feature 7 of 22: classpath:featurefiles/karate05.feature
---------------------------------------------------------
feature: classpath:featurefiles/karate05.feature
report: build\surefire-reports\featurefiles.karate05.json
scenarios:  1 | passed:  1 | failed:  0 | time: 0.3153
---------------------------------------------------------
19:03:02.679 [ForkJoinPool-1-worker-1] INFO com.intuit.karate - From karate-config 
19:03:02.679 [ForkJoinPool-1-worker-1] DEBUG com.jayway.jsonpath.internal.path.CompiledPath - Evaluating path: $
19:03:02.694 [ForkJoinPool-1-worker-1] DEBUG org.apache.http.client.protocol.RequestAddCookies - CookieSpec selected: karate
19:03:02.694 [ForkJoinPool-1-worker-1] DEBUG org.apache.http.client.protocol.RequestAuthCache - Auth cache not set in the context
19:03:02.694 [ForkJoinPool-1-worker-1] DEBUG com.intuit.karate - request:
1 > POST https://www.w3schools.com/xml/tempconvert.asmx
1 > Accept-Encoding: gzip,deflate
1 > Connection: Keep-Alive
1 > Content-Length: 359
1 > Content-Type: text/xml; charset=UTF-8
1 > Host: www.w3schools.com
1 > SOAPAction: https://www.w3schools.com/xml/CelsiusToFahrenheit
1 > User-Agent: Apache-HttpClient/4.5.12 (Java/1.8.0_251)
<soap:Envelope xmlns:soap="http://schemas.xmlsoap.org/soap/envelope/" xmlns:xsd="http://www.w3.org/2001/XMLSchema" xmlns:xsi="http://www.w3.org/2001/XMLSchema-instance">
    <soap:Body>
        <CelsiusToFahrenheit xmlns="https://www.w3schools.com/xml/">
            <Celsius>50</Celsius>
        </CelsiusToFahrenheit>
    </soap:Body>
</soap:Envelope>

19:03:02.694 [ForkJoinPool-1-worker-1] DEBUG org.apache.http.impl.conn.PoolingHttpClientConnectionManager - Connection request: [route: {s}->https://www.w3schools.com:443][total available: 0; route allocated: 0 of 5; total allocated: 0 of 10]
19:03:02.694 [ForkJoinPool-1-worker-1] DEBUG org.apache.http.impl.conn.PoolingHttpClientConnectionManager - Connection leased: [id: 2][route: {s}->https://www.w3schools.com:443][total available: 0; route allocated: 1 of 5; total allocated: 1 of 10]
19:03:02.694 [ForkJoinPool-1-worker-1] DEBUG org.apache.http.impl.execchain.MainClientExec - Opening connection {s}->https://www.w3schools.com:443
19:03:02.694 [ForkJoinPool-1-worker-1] DEBUG org.apache.http.impl.conn.DefaultHttpClientConnectionOperator - Connecting to www.w3schools.com/192.229.179.87:443
19:03:02.694 [ForkJoinPool-1-worker-1] DEBUG org.apache.http.conn.ssl.SSLConnectionSocketFactory - Connecting socket to www.w3schools.com/192.229.179.87:443 with timeout 30000
19:03:02.694 [ForkJoinPool-1-worker-1] DEBUG org.apache.http.conn.ssl.SSLConnectionSocketFactory - Enabled protocols: [TLSv1, TLSv1.1, TLSv1.2]
19:03:02.694 [ForkJoinPool-1-worker-1] DEBUG org.apache.http.conn.ssl.SSLConnectionSocketFactory - Enabled cipher suites:[TLS_ECDHE_ECDSA_WITH_AES_256_CBC_SHA384, TLS_ECDHE_RSA_WITH_AES_256_CBC_SHA384, TLS_RSA_WITH_AES_256_CBC_SHA256, TLS_ECDH_ECDSA_WITH_AES_256_CBC_SHA384, TLS_ECDH_RSA_WITH_AES_256_CBC_SHA384, TLS_DHE_RSA_WITH_AES_256_CBC_SHA256, TLS_DHE_DSS_WITH_AES_256_CBC_SHA256, TLS_ECDHE_ECDSA_WITH_AES_256_CBC_SHA, TLS_ECDHE_RSA_WITH_AES_256_CBC_SHA, TLS_RSA_WITH_AES_256_CBC_SHA, TLS_ECDH_ECDSA_WITH_AES_256_CBC_SHA, TLS_ECDH_RSA_WITH_AES_256_CBC_SHA, TLS_DHE_RSA_WITH_AES_256_CBC_SHA, TLS_DHE_DSS_WITH_AES_256_CBC_SHA, TLS_ECDHE_ECDSA_WITH_AES_128_CBC_SHA256, TLS_ECDHE_RSA_WITH_AES_128_CBC_SHA256, TLS_RSA_WITH_AES_128_CBC_SHA256, TLS_ECDH_ECDSA_WITH_AES_128_CBC_SHA256, TLS_ECDH_RSA_WITH_AES_128_CBC_SHA256, TLS_DHE_RSA_WITH_AES_128_CBC_SHA256, TLS_DHE_DSS_WITH_AES_128_CBC_SHA256, TLS_ECDHE_ECDSA_WITH_AES_128_CBC_SHA, TLS_ECDHE_RSA_WITH_AES_128_CBC_SHA, TLS_RSA_WITH_AES_128_CBC_SHA, TLS_ECDH_ECDSA_WITH_AES_128_CBC_SHA, TLS_ECDH_RSA_WITH_AES_128_CBC_SHA, TLS_DHE_RSA_WITH_AES_128_CBC_SHA, TLS_DHE_DSS_WITH_AES_128_CBC_SHA, TLS_ECDHE_ECDSA_WITH_AES_256_GCM_SHA384, TLS_ECDHE_ECDSA_WITH_AES_128_GCM_SHA256, TLS_ECDHE_RSA_WITH_AES_256_GCM_SHA384, TLS_RSA_WITH_AES_256_GCM_SHA384, TLS_ECDH_ECDSA_WITH_AES_256_GCM_SHA384, TLS_ECDH_RSA_WITH_AES_256_GCM_SHA384, TLS_DHE_RSA_WITH_AES_256_GCM_SHA384, TLS_DHE_DSS_WITH_AES_256_GCM_SHA384, TLS_ECDHE_RSA_WITH_AES_128_GCM_SHA256, TLS_RSA_WITH_AES_128_GCM_SHA256, TLS_ECDH_ECDSA_WITH_AES_128_GCM_SHA256, TLS_ECDH_RSA_WITH_AES_128_GCM_SHA256, TLS_DHE_RSA_WITH_AES_128_GCM_SHA256, TLS_DHE_DSS_WITH_AES_128_GCM_SHA256, TLS_EMPTY_RENEGOTIATION_INFO_SCSV]
19:03:02.710 [ForkJoinPool-1-worker-1] DEBUG org.apache.http.conn.ssl.SSLConnectionSocketFactory - Starting handshake
19:03:02.726 [ForkJoinPool-1-worker-1] DEBUG org.apache.http.conn.ssl.SSLConnectionSocketFactory - Secure session established
19:03:02.726 [ForkJoinPool-1-worker-1] DEBUG org.apache.http.conn.ssl.SSLConnectionSocketFactory -  negotiated protocol: TLSv1.2
19:03:02.726 [ForkJoinPool-1-worker-1] DEBUG org.apache.http.conn.ssl.SSLConnectionSocketFactory -  negotiated cipher suite: TLS_ECDHE_RSA_WITH_AES_128_GCM_SHA256
19:03:02.726 [ForkJoinPool-1-worker-1] DEBUG org.apache.http.conn.ssl.SSLConnectionSocketFactory -  peer principal: CN=*.w3schools.com, OU=IT, O="Verizon Digital Media Services, Inc.", L=Los Angeles, ST=California, C=US
19:03:02.726 [ForkJoinPool-1-worker-1] DEBUG org.apache.http.conn.ssl.SSLConnectionSocketFactory -  peer alternative names: [*.w3schools.com, w3schools.com]
19:03:02.726 [ForkJoinPool-1-worker-1] DEBUG org.apache.http.conn.ssl.SSLConnectionSocketFactory -  issuer principal: CN=DigiCert SHA2 Secure Server CA, O=DigiCert Inc, C=US
19:03:02.726 [ForkJoinPool-1-worker-1] DEBUG org.apache.http.impl.conn.DefaultHttpClientConnectionOperator - Connection established 10.1.0.215:61297<->192.229.179.87:443
19:03:02.726 [ForkJoinPool-1-worker-1] DEBUG org.apache.http.impl.conn.DefaultManagedHttpClientConnection - http-outgoing-2: set socket timeout to 30000
19:03:02.726 [ForkJoinPool-1-worker-1] DEBUG org.apache.http.impl.execchain.MainClientExec - Executing request POST /xml/tempconvert.asmx HTTP/1.1
19:03:02.726 [ForkJoinPool-1-worker-1] DEBUG org.apache.http.impl.execchain.MainClientExec - Target auth state: UNCHALLENGED
19:03:02.726 [ForkJoinPool-1-worker-1] DEBUG org.apache.http.impl.execchain.MainClientExec - Proxy auth state: UNCHALLENGED
19:03:02.726 [ForkJoinPool-1-worker-1] DEBUG org.apache.http.headers - http-outgoing-2 >> POST /xml/tempconvert.asmx HTTP/1.1
19:03:02.726 [ForkJoinPool-1-worker-1] DEBUG org.apache.http.headers - http-outgoing-2 >> Content-Type: text/xml; charset=UTF-8
19:03:02.726 [ForkJoinPool-1-worker-1] DEBUG org.apache.http.headers - http-outgoing-2 >> SOAPAction: https://www.w3schools.com/xml/CelsiusToFahrenheit
19:03:02.726 [ForkJoinPool-1-worker-1] DEBUG org.apache.http.headers - http-outgoing-2 >> Content-Length: 359
19:03:02.726 [ForkJoinPool-1-worker-1] DEBUG org.apache.http.headers - http-outgoing-2 >> Host: www.w3schools.com
19:03:02.726 [ForkJoinPool-1-worker-1] DEBUG org.apache.http.headers - http-outgoing-2 >> Connection: Keep-Alive
19:03:02.726 [ForkJoinPool-1-worker-1] DEBUG org.apache.http.headers - http-outgoing-2 >> User-Agent: Apache-HttpClient/4.5.12 (Java/1.8.0_251)
19:03:02.726 [ForkJoinPool-1-worker-1] DEBUG org.apache.http.headers - http-outgoing-2 >> Accept-Encoding: gzip,deflate
19:03:02.726 [ForkJoinPool-1-worker-1] DEBUG org.apache.http.wire - http-outgoing-2 >> "POST /xml/tempconvert.asmx HTTP/1.1[\r][\n]"
19:03:02.726 [ForkJoinPool-1-worker-1] DEBUG org.apache.http.wire - http-outgoing-2 >> "Content-Type: text/xml; charset=UTF-8[\r][\n]"
19:03:02.726 [ForkJoinPool-1-worker-1] DEBUG org.apache.http.wire - http-outgoing-2 >> "SOAPAction: https://www.w3schools.com/xml/CelsiusToFahrenheit[\r][\n]"
19:03:02.726 [ForkJoinPool-1-worker-1] DEBUG org.apache.http.wire - http-outgoing-2 >> "Content-Length: 359[\r][\n]"
19:03:02.726 [ForkJoinPool-1-worker-1] DEBUG org.apache.http.wire - http-outgoing-2 >> "Host: www.w3schools.com[\r][\n]"
19:03:02.726 [ForkJoinPool-1-worker-1] DEBUG org.apache.http.wire - http-outgoing-2 >> "Connection: Keep-Alive[\r][\n]"
19:03:02.726 [ForkJoinPool-1-worker-1] DEBUG org.apache.http.wire - http-outgoing-2 >> "User-Agent: Apache-HttpClient/4.5.12 (Java/1.8.0_251)[\r][\n]"
19:03:02.726 [ForkJoinPool-1-worker-1] DEBUG org.apache.http.wire - http-outgoing-2 >> "Accept-Encoding: gzip,deflate[\r][\n]"
19:03:02.726 [ForkJoinPool-1-worker-1] DEBUG org.apache.http.wire - http-outgoing-2 >> "[\r][\n]"
19:03:02.726 [ForkJoinPool-1-worker-1] DEBUG org.apache.http.wire - http-outgoing-2 >> "<soap:Envelope xmlns:soap="http://schemas.xmlsoap.org/soap/envelope/" xmlns:xsd="http://www.w3.org/2001/XMLSchema" xmlns:xsi="http://www.w3.org/2001/XMLSchema-instance">[\r][\n]"
19:03:02.726 [ForkJoinPool-1-worker-1] DEBUG org.apache.http.wire - http-outgoing-2 >> "    <soap:Body>[\r][\n]"
19:03:02.726 [ForkJoinPool-1-worker-1] DEBUG org.apache.http.wire - http-outgoing-2 >> "        <CelsiusToFahrenheit xmlns="https://www.w3schools.com/xml/">[\r][\n]"
19:03:02.726 [ForkJoinPool-1-worker-1] DEBUG org.apache.http.wire - http-outgoing-2 >> "            <Celsius>50</Celsius>[\r][\n]"
19:03:02.726 [ForkJoinPool-1-worker-1] DEBUG org.apache.http.wire - http-outgoing-2 >> "        </CelsiusToFahrenheit>[\r][\n]"
19:03:02.726 [ForkJoinPool-1-worker-1] DEBUG org.apache.http.wire - http-outgoing-2 >> "    </soap:Body>[\r][\n]"
19:03:02.726 [ForkJoinPool-1-worker-1] DEBUG org.apache.http.wire - http-outgoing-2 >> "</soap:Envelope>"
19:03:02.991 [ForkJoinPool-1-worker-1] DEBUG org.apache.http.wire - http-outgoing-2 << "HTTP/1.1 200 OK[\r][\n]"
19:03:02.991 [ForkJoinPool-1-worker-1] DEBUG org.apache.http.wire - http-outgoing-2 << "Content-Encoding: gzip[\r][\n]"
19:03:02.991 [ForkJoinPool-1-worker-1] DEBUG org.apache.http.wire - http-outgoing-2 << "Cache-Control: private, max-age=0,public[\r][\n]"
19:03:02.991 [ForkJoinPool-1-worker-1] DEBUG org.apache.http.wire - http-outgoing-2 << "Content-Type: text/xml; charset=utf-8[\r][\n]"
19:03:02.991 [ForkJoinPool-1-worker-1] DEBUG org.apache.http.wire - http-outgoing-2 << "Date: Thu, 03 Dec 2020 13:39:56 GMT[\r][\n]"
19:03:02.991 [ForkJoinPool-1-worker-1] DEBUG org.apache.http.wire - http-outgoing-2 << "Server: Microsoft-IIS/7.5[\r][\n]"
19:03:02.991 [ForkJoinPool-1-worker-1] DEBUG org.apache.http.wire - http-outgoing-2 << "Vary: Accept-Encoding[\r][\n]"
19:03:02.991 [ForkJoinPool-1-worker-1] DEBUG org.apache.http.wire - http-outgoing-2 << "X-AspNet-Version: 4.0.30319[\r][\n]"
19:03:02.991 [ForkJoinPool-1-worker-1] DEBUG org.apache.http.wire - http-outgoing-2 << "X-Frame-Options: SAMEORIGIN[\r][\n]"
19:03:02.991 [ForkJoinPool-1-worker-1] DEBUG org.apache.http.wire - http-outgoing-2 << "X-Powered-By: ASP.NET[\r][\n]"
19:03:02.991 [ForkJoinPool-1-worker-1] DEBUG org.apache.http.wire - http-outgoing-2 << "Content-Length: 321[\r][\n]"
19:03:02.991 [ForkJoinPool-1-worker-1] DEBUG org.apache.http.wire - http-outgoing-2 << "[\r][\n]"
19:03:02.991 [ForkJoinPool-1-worker-1] DEBUG org.apache.http.headers - http-outgoing-2 << HTTP/1.1 200 OK
19:03:02.991 [ForkJoinPool-1-worker-1] DEBUG org.apache.http.headers - http-outgoing-2 << Content-Encoding: gzip
19:03:02.991 [ForkJoinPool-1-worker-1] DEBUG org.apache.http.headers - http-outgoing-2 << Cache-Control: private, max-age=0,public
19:03:02.991 [ForkJoinPool-1-worker-1] DEBUG org.apache.http.headers - http-outgoing-2 << Content-Type: text/xml; charset=utf-8
19:03:02.991 [ForkJoinPool-1-worker-1] DEBUG org.apache.http.headers - http-outgoing-2 << Date: Thu, 03 Dec 2020 13:39:56 GMT
19:03:02.991 [ForkJoinPool-1-worker-1] DEBUG org.apache.http.headers - http-outgoing-2 << Server: Microsoft-IIS/7.5
19:03:02.991 [ForkJoinPool-1-worker-1] DEBUG org.apache.http.headers - http-outgoing-2 << Vary: Accept-Encoding
19:03:02.991 [ForkJoinPool-1-worker-1] DEBUG org.apache.http.headers - http-outgoing-2 << X-AspNet-Version: 4.0.30319
19:03:02.991 [ForkJoinPool-1-worker-1] DEBUG org.apache.http.headers - http-outgoing-2 << X-Frame-Options: SAMEORIGIN
19:03:02.991 [ForkJoinPool-1-worker-1] DEBUG org.apache.http.headers - http-outgoing-2 << X-Powered-By: ASP.NET
19:03:02.991 [ForkJoinPool-1-worker-1] DEBUG org.apache.http.headers - http-outgoing-2 << Content-Length: 321
19:03:02.991 [ForkJoinPool-1-worker-1] DEBUG org.apache.http.impl.execchain.MainClientExec - Connection can be kept alive indefinitely
19:03:02.991 [ForkJoinPool-1-worker-1] DEBUG org.apache.http.wire - http-outgoing-2 << "[0x1f][0x8b][0x8][0x0][0x0][0x0][0x0][0x0][0x4][0x0][0xed][0xbd][0x7]`[0x1c]I[0x96]%&/m[0xca]{]]>&#x7f;<![CDATA[J[0xf5]J[0xd7][0xe0]t[0xa1][0x8][0x80]`[0x13]$[0xd8][0x90]@[0x10][0xec][0xc1][0x88][0xcd][0xe6][0x92][0xec][0x1d]iG#)[0xab]*[0x81][0xca]eVe]f[0x16]@[0xcc][0xed][0x9d][0xbc][0xf7][0xde]{[0xef][0xbd][0xf7][0xde]{[0xef][0xbd][0xf7][0xba];[0x9d]N'[0xf7][0xdf][0xff]?\fd[0x1]l[0xf6][0xce]J[0xda][0xc9][0x9e]![0x80][0xaa][0xc8][0x1f]?~|[0x1f]?"[0x1e][0xff][0x1e][0xef][0x16]ez[0x99][0xd7]MQ-?[0xfb]hw[0xbc][0xf3]Q[0x9a]/[0xa7][0xd5][0xac]X^|[0xf6][0xd1][0xba]=[0xdf]>[0xf8][0xe8][0xf7]8z[0xdc]T[0xd9][0xea][0xd1][0xe9][0xf2]2/[0xab]U[0x9e][0xd2]+[0xcb][0xe6][0x11]>[0xfb][0xec][0xa3]y[0xdb][0xae][0x1e][0xdd][0xbd][0xdb]L[0xe7][0xf9]"k[0xc6][0xf4][0x15]>[0x1f]W[0xf5][0xc5]][0xfc]r7[0xd7][0x97][0xee]~[0xa4][0xaf][0xbd]k[\n]"
19:03:02.991 [ForkJoinPool-1-worker-1] DEBUG org.apache.http.wire - http-outgoing-2 << "[0xfb][0xd6][0xd5][0xd5][0xd5][0xf8][0xea][0x1e]7[0xde][0xdb][0xd9][0xd9][0xbd][0xfb]{]]>&#x7f;<![CDATA[[0xf1][0xfc]5[0x3][0xda].[0x96]M[0x9b]-[0xa7][0xb9]{kv[0xf3][[0x1f])[0xa2]O[0xaa][0xd9][0xf5][0xd1][0xe3][0x93][0xbc]l[0x8a]u[0xf3][0xa6]z[0x96][0xcd][0xeb]|9[0xcf][0x8b][0xf6]U[0xde][0xac][0xaa]e[0xa3]#[0x10][0x80][0x8d][0x85]Hc[0xa8][0xaa][0xb2][0x19]O[0xab][0xc5]]jp[0x97][0xc0][0xc5]a[0xac][0xcb][0xf6]hwo[0xef][0xf1][0xdd][0xe1][0xaf][0x87][0xbe][0xe3][0xee][0xe9][[0xf]O[0xf9][0xdd][0x10][0xf7][0xe8][0xff][0x1]x[0xcc][0xc6][0x96][0x92][0x1][0x0][0x0]"
19:03:02.991 [ForkJoinPool-1-worker-1] DEBUG org.apache.http.impl.conn.PoolingHttpClientConnectionManager - Connection [id: 2][route: {s}->https://www.w3schools.com:443] can be kept alive indefinitely
19:03:02.991 [ForkJoinPool-1-worker-1] DEBUG org.apache.http.impl.conn.DefaultManagedHttpClientConnection - http-outgoing-2: set socket timeout to 0
19:03:02.991 [ForkJoinPool-1-worker-1] DEBUG org.apache.http.impl.conn.PoolingHttpClientConnectionManager - Connection released: [id: 2][route: {s}->https://www.w3schools.com:443][total available: 1; route allocated: 1 of 5; total allocated: 1 of 10]
19:03:02.991 [ForkJoinPool-1-worker-1] DEBUG com.intuit.karate - response time in milliseconds: 289.56
1 < 200
1 < Cache-Control: private, max-age=0,public
1 < Content-Type: text/xml; charset=utf-8
1 < Date: Thu, 03 Dec 2020 13:39:56 GMT
1 < Server: Microsoft-IIS/7.5
1 < Vary: Accept-Encoding
1 < X-AspNet-Version: 4.0.30319
1 < X-Frame-Options: SAMEORIGIN
1 < X-Powered-By: ASP.NET
<?xml version="1.0" encoding="utf-8"?><soap:Envelope xmlns:soap="http://schemas.xmlsoap.org/soap/envelope/" xmlns:xsi="http://www.w3.org/2001/XMLSchema-instance" xmlns:xsd="http://www.w3.org/2001/XMLSchema"><soap:Body><CelsiusToFahrenheitResponse xmlns="https://www.w3schools.com/xml/"><CelsiusToFahrenheitResult>122</CelsiusToFahrenheitResult></CelsiusToFahrenheitResponse></soap:Body></soap:Envelope>

19:03:03.007 [ForkJoinPool-1-worker-1] DEBUG com.jayway.jsonpath.internal.path.CompiledPath - Evaluating path: $
19:03:03.007 [ForkJoinPool-1-worker-1] DEBUG com.jayway.jsonpath.internal.path.CompiledPath - Evaluating path: $['Server']
19:03:03.007 [ForkJoinPool-1-worker-1] DEBUG com.jayway.jsonpath.internal.path.CompiledPath - Evaluating path: $
19:03:03.007 [ForkJoinPool-1-worker-1] DEBUG com.jayway.jsonpath.internal.path.CompiledPath - Evaluating path: $['Server'][0]
19:03:03.007 [pool-1-thread-1] INFO com.intuit.karate.Runner - <<pass>> feature 8 of 22: classpath:featurefiles/karate06.feature
---------------------------------------------------------
feature: classpath:featurefiles/karate06.feature
report: build\surefire-reports\featurefiles.karate06.json
scenarios:  1 | passed:  1 | failed:  0 | time: 0.3176
---------------------------------------------------------
19:03:03.022 [ForkJoinPool-1-worker-1] INFO com.intuit.karate - From karate-config 
19:03:03.022 [ForkJoinPool-1-worker-1] DEBUG com.jayway.jsonpath.internal.path.CompiledPath - Evaluating path: $
19:03:03.022 [ForkJoinPool-1-worker-1] DEBUG org.apache.http.client.protocol.RequestAddCookies - CookieSpec selected: karate
19:03:03.022 [ForkJoinPool-1-worker-1] DEBUG org.apache.http.client.protocol.RequestAuthCache - Auth cache not set in the context
19:03:03.022 [ForkJoinPool-1-worker-1] DEBUG com.intuit.karate - request:
1 > GET http://dummy.restapiexample.com/api/v1/employees
1 > Accept-Encoding: gzip,deflate
1 > Connection: Keep-Alive
1 > Host: dummy.restapiexample.com
1 > User-Agent: Apache-HttpClient/4.5.12 (Java/1.8.0_251)

19:03:03.022 [ForkJoinPool-1-worker-1] DEBUG org.apache.http.impl.conn.PoolingHttpClientConnectionManager - Connection request: [route: {}->http://dummy.restapiexample.com:80][total available: 0; route allocated: 0 of 5; total allocated: 0 of 10]
19:03:03.022 [ForkJoinPool-1-worker-1] DEBUG org.apache.http.impl.conn.PoolingHttpClientConnectionManager - Connection leased: [id: 3][route: {}->http://dummy.restapiexample.com:80][total available: 0; route allocated: 1 of 5; total allocated: 1 of 10]
19:03:03.022 [ForkJoinPool-1-worker-1] DEBUG org.apache.http.impl.execchain.MainClientExec - Opening connection {}->http://dummy.restapiexample.com:80
19:03:03.038 [ForkJoinPool-1-worker-1] DEBUG org.apache.http.impl.conn.DefaultHttpClientConnectionOperator - Connecting to dummy.restapiexample.com/3.6.18.84:80
19:03:03.085 [ForkJoinPool-1-worker-1] DEBUG org.apache.http.impl.conn.DefaultHttpClientConnectionOperator - Connection established 10.1.0.215:61298<->3.6.18.84:80
19:03:03.085 [ForkJoinPool-1-worker-1] DEBUG org.apache.http.impl.conn.DefaultManagedHttpClientConnection - http-outgoing-3: set socket timeout to 30000
19:03:03.085 [ForkJoinPool-1-worker-1] DEBUG org.apache.http.impl.execchain.MainClientExec - Executing request GET /api/v1/employees HTTP/1.1
19:03:03.085 [ForkJoinPool-1-worker-1] DEBUG org.apache.http.impl.execchain.MainClientExec - Target auth state: UNCHALLENGED
19:03:03.085 [ForkJoinPool-1-worker-1] DEBUG org.apache.http.impl.execchain.MainClientExec - Proxy auth state: UNCHALLENGED
19:03:03.085 [ForkJoinPool-1-worker-1] DEBUG org.apache.http.headers - http-outgoing-3 >> GET /api/v1/employees HTTP/1.1
19:03:03.085 [ForkJoinPool-1-worker-1] DEBUG org.apache.http.headers - http-outgoing-3 >> Host: dummy.restapiexample.com
19:03:03.085 [ForkJoinPool-1-worker-1] DEBUG org.apache.http.headers - http-outgoing-3 >> Connection: Keep-Alive
19:03:03.085 [ForkJoinPool-1-worker-1] DEBUG org.apache.http.headers - http-outgoing-3 >> User-Agent: Apache-HttpClient/4.5.12 (Java/1.8.0_251)
19:03:03.085 [ForkJoinPool-1-worker-1] DEBUG org.apache.http.headers - http-outgoing-3 >> Accept-Encoding: gzip,deflate
19:03:03.085 [ForkJoinPool-1-worker-1] DEBUG org.apache.http.wire - http-outgoing-3 >> "GET /api/v1/employees HTTP/1.1[\r][\n]"
19:03:03.085 [ForkJoinPool-1-worker-1] DEBUG org.apache.http.wire - http-outgoing-3 >> "Host: dummy.restapiexample.com[\r][\n]"
19:03:03.085 [ForkJoinPool-1-worker-1] DEBUG org.apache.http.wire - http-outgoing-3 >> "Connection: Keep-Alive[\r][\n]"
19:03:03.085 [ForkJoinPool-1-worker-1] DEBUG org.apache.http.wire - http-outgoing-3 >> "User-Agent: Apache-HttpClient/4.5.12 (Java/1.8.0_251)[\r][\n]"
19:03:03.085 [ForkJoinPool-1-worker-1] DEBUG org.apache.http.wire - http-outgoing-3 >> "Accept-Encoding: gzip,deflate[\r][\n]"
19:03:03.085 [ForkJoinPool-1-worker-1] DEBUG org.apache.http.wire - http-outgoing-3 >> "[\r][\n]"
19:03:03.132 [ForkJoinPool-1-worker-1] DEBUG org.apache.http.wire - http-outgoing-3 << "HTTP/1.1 200 OK[\r][\n]"
19:03:03.132 [ForkJoinPool-1-worker-1] DEBUG org.apache.http.wire - http-outgoing-3 << "Access-Control-Allow-Origin: *[\r][\n]"
19:03:03.132 [ForkJoinPool-1-worker-1] DEBUG org.apache.http.wire - http-outgoing-3 << "Access-Control-Expose-Headers: Content-Type, X-Requested-With, X-authentication, X-client[\r][\n]"
19:03:03.132 [ForkJoinPool-1-worker-1] DEBUG org.apache.http.wire - http-outgoing-3 << "Cache-Control: max-age=31536000[\r][\n]"
19:03:03.132 [ForkJoinPool-1-worker-1] DEBUG org.apache.http.wire - http-outgoing-3 << "Content-Encoding: gzip[\r][\n]"
19:03:03.132 [ForkJoinPool-1-worker-1] DEBUG org.apache.http.wire - http-outgoing-3 << "Content-Type: application/json;charset=utf-8[\r][\n]"
19:03:03.132 [ForkJoinPool-1-worker-1] DEBUG org.apache.http.wire - http-outgoing-3 << "Date: Thu, 03 Dec 2020 13:41:56 GMT[\r][\n]"
19:03:03.132 [ForkJoinPool-1-worker-1] DEBUG org.apache.http.wire - http-outgoing-3 << "Display: staticcontent_sol[\r][\n]"
19:03:03.132 [ForkJoinPool-1-worker-1] DEBUG org.apache.http.wire - http-outgoing-3 << "Referrer-Policy: [\r][\n]"
19:03:03.132 [ForkJoinPool-1-worker-1] DEBUG org.apache.http.wire - http-outgoing-3 << "Response: 200[\r][\n]"
19:03:03.132 [ForkJoinPool-1-worker-1] DEBUG org.apache.http.wire - http-outgoing-3 << "Server: nginx/1.16.0[\r][\n]"
19:03:03.132 [ForkJoinPool-1-worker-1] DEBUG org.apache.http.wire - http-outgoing-3 << "Vary: Accept-Encoding[\r][\n]"
19:03:03.132 [ForkJoinPool-1-worker-1] DEBUG org.apache.http.wire - http-outgoing-3 << "Vary: Accept-Encoding,User-Agent,Origin[\r][\n]"
19:03:03.132 [ForkJoinPool-1-worker-1] DEBUG org.apache.http.wire - http-outgoing-3 << "X-Ezoic-Cdn: Hit ds;mm;64e5dcd8fd074fe044e20470a9643699;2-133674-2;11eea874-25cc-4a8a-4a7a-e7fd9bafe9d8[\r][\n]"
19:03:03.132 [ForkJoinPool-1-worker-1] DEBUG org.apache.http.wire - http-outgoing-3 << "X-Middleton-Display: staticcontent_sol[\r][\n]"
19:03:03.132 [ForkJoinPool-1-worker-1] DEBUG org.apache.http.wire - http-outgoing-3 << "X-Middleton-Response: 200[\r][\n]"
19:03:03.132 [ForkJoinPool-1-worker-1] DEBUG org.apache.http.wire - http-outgoing-3 << "X-Sol: pub_site[\r][\n]"
19:03:03.132 [ForkJoinPool-1-worker-1] DEBUG org.apache.http.wire - http-outgoing-3 << "Content-Length: 595[\r][\n]"
19:03:03.132 [ForkJoinPool-1-worker-1] DEBUG org.apache.http.wire - http-outgoing-3 << "[\r][\n]"
19:03:03.132 [ForkJoinPool-1-worker-1] DEBUG org.apache.http.wire - http-outgoing-3 << "[0x1f][0x8b][0x8][0x0][0x0][0x0][0x0][0x0][0x0][0xff][0x9c][0x95][0xcd]n[0xdb]:[0x14][0x84]_[0x85][0xe0]:[0xb][0x89][0xd4][0x8f][0xed][0xdd][0xb5][0x83]8[0xb8]i[0x8a]6[0x9][0x1a][0x14]E[0x11][0x1c]X[0xa7]1Q[0x9a]4[0x8e][0xa8]4j[0x90]w/[0x8c]v[0x91][0xc5][0x88]B[0xbb][0xb5]`}[0x18]r[0xe6][0xd3][0x8b][0xee][0x13][0xa5][0xa1][0xd7]+[0xdd][0xf][0xbb][0x1d][0xf7][0xbd]>[0xd3][0x1d]%[0xd2][0xab]//[0xda]uz[0xa5]K}[0xa6][0xf9]p[0xf4]qd~[0x8]t`[0xbd][0xd2]w[0xee][0x91]E[0xbd]w[0xcf]1[0xbc]}[0xda][0x93]'[0x19][0xf5]J[S,[0x8a][0xe2][0xed]#z<[0xfd][0xaf]9[0xbd][0xec]([0xf1][0x9b][0xf3][0xfc][0xe0][0xe][0xbf]]]>&#x7f;<![CDATA[[0xd4][0xaf]g]]>&#x7f;<![CDATA[P[0x6][0xa0][0xb6]$[0xc2])[0xa9]{[0x17][0x12]K[0xf]qe[[0xb4]5[0xc2][0xd9],[0xce][0x2][0xdc]]]>&#x7f;<![CDATA[[0xfd]>[0xc5][0xa0]6[0xf1][0x19][0x92][0x16]M[0x1]s5YP[0x5]@[0x1b][0xee][0xc4][0xed][0xd4][0x15]{?BTem[0xd1][0x0][0x96]1YV[0x8d]B9q[0xea][0x96]R[0x1c][0xf0][0xf1]5[0xa6]E[0xa9]l[0xfe][0xf8][0x1a]@Z[0x8b]c[0xef]Y[0xdd];[0xef][0x1d][0x1d][0xfa][0xa9]~[0xb4][0x6][0x9f]c[0xbe][0x1f]- ^[0xb2]H[0xec][0xd4]fO[0xa1][0xf3],8[0xa0]mk[0x84][0xab][0x97]Y[0xdc][0x2][0xe0]n[0xf6]1[0x90]:[0xa7]'[0xd7]M[0x86]3[0xed][0x12][0xd2][0xea],m[0x89]J[0x12][0xbd]g[0xe][0xea]r[0x90]>A[0x98])j[0x18][0xcd][0xe6][0xa3][0x95][0x5][0xa0][0xdd][0xc6]0[0x92][0xba][0x90]8[0xc1]*[0xb][0xdb] [0x96][0xc9][0xf7][0xa4]D[0x6][0xf9][0x9f][0x3][0xa9]-[0xb9][0xc0]x[0xd2][0xcb][0xa2]F[0xe5][0xb7]E[0x1e][0x85][0xc][0xf2]qp![0xa8][0xb]?[0x86][0x89][0xfb][0xaa]p[0x19]g[0x86]V"}l[0xf6]$[0x1d][0xab]k[0x92]~O[0xde][0xe3]a[0xb7][0x5]<F[0x9b][0x97]H[0x89],rI[0x9e]Gu[0xc5]!p[0x87]5bK[0xb][0xb]R[0xcd]\[0x1a][0xf2][0xc8][0x1d][0xa5][0x91][0x2][0xa9][0xb][0x97]~[0x1e])[0x89][0xdb]}[0xc7][0xcc]E[\r]}\[0xce][0x94][0x12][0x19][0xe5][0xda][0xed][0xf6][0xc4]^[0xdd]:[0xff]D[0xb8][0x96][0xcb][0x5]L8#[0xe5][0x12][0xd9][0xe4][0x3][\r]^[0xad]G[0xe9] [0xa9]55[0xd6]V[0x95]'![0x91]l}[0x14]G[0xea][0x9d]K[0xc9]3[0x9e][0xf6][0xbf]Y[0xab]D"Y[0xb]u[0xa7][0xa6]l[0x85]'[0x1d][0x89]WP[0xcd]|[0xb2][0x91]H[0xce][0xc9][0xa9][0x1b][0x17][0xf1][0xb2]M[0x89]c[0xd9][0xbc][0x1e][0xcd][0x84]E8%V[0x1b][0xf2][0xdd][0xf][0x9e][0xd8][0x9b][0xad][0xf0][0xad][0xcd][0xb8][0xc4] [0x97]|[0x1e][0xc4][0xa9]5[0x8b][0xe0][0xb1]5-FU3([0xa8][0x12][0xe2][0x9e]D}[0xa2][0xb0][0xc3][0xfd]([0x8b][0xa6]B+337[0x86]<r[0x1e][0xc5][0xf5][0xa7][0xaf]v7Q[0x8f]E[0xfd]7[0xea][0xff][0xfa][0xfa]+[0x0][0x0][0xff][0xff]8n[0xc9]gY[\n]"
19:03:03.132 [ForkJoinPool-1-worker-1] DEBUG org.apache.http.wire - http-outgoing-3 << "[0x0][0x0]"
19:03:03.132 [ForkJoinPool-1-worker-1] DEBUG org.apache.http.headers - http-outgoing-3 << HTTP/1.1 200 OK
19:03:03.132 [ForkJoinPool-1-worker-1] DEBUG org.apache.http.headers - http-outgoing-3 << Access-Control-Allow-Origin: *
19:03:03.132 [ForkJoinPool-1-worker-1] DEBUG org.apache.http.headers - http-outgoing-3 << Access-Control-Expose-Headers: Content-Type, X-Requested-With, X-authentication, X-client
19:03:03.132 [ForkJoinPool-1-worker-1] DEBUG org.apache.http.headers - http-outgoing-3 << Cache-Control: max-age=31536000
19:03:03.132 [ForkJoinPool-1-worker-1] DEBUG org.apache.http.headers - http-outgoing-3 << Content-Encoding: gzip
19:03:03.132 [ForkJoinPool-1-worker-1] DEBUG org.apache.http.headers - http-outgoing-3 << Content-Type: application/json;charset=utf-8
19:03:03.132 [ForkJoinPool-1-worker-1] DEBUG org.apache.http.headers - http-outgoing-3 << Date: Thu, 03 Dec 2020 13:41:56 GMT
19:03:03.132 [ForkJoinPool-1-worker-1] DEBUG org.apache.http.headers - http-outgoing-3 << Display: staticcontent_sol
19:03:03.132 [ForkJoinPool-1-worker-1] DEBUG org.apache.http.headers - http-outgoing-3 << Referrer-Policy: 
19:03:03.132 [ForkJoinPool-1-worker-1] DEBUG org.apache.http.headers - http-outgoing-3 << Response: 200
19:03:03.132 [ForkJoinPool-1-worker-1] DEBUG org.apache.http.headers - http-outgoing-3 << Server: nginx/1.16.0
19:03:03.132 [ForkJoinPool-1-worker-1] DEBUG org.apache.http.headers - http-outgoing-3 << Vary: Accept-Encoding
19:03:03.132 [ForkJoinPool-1-worker-1] DEBUG org.apache.http.headers - http-outgoing-3 << Vary: Accept-Encoding,User-Agent,Origin
19:03:03.132 [ForkJoinPool-1-worker-1] DEBUG org.apache.http.headers - http-outgoing-3 << X-Ezoic-Cdn: Hit ds;mm;64e5dcd8fd074fe044e20470a9643699;2-133674-2;11eea874-25cc-4a8a-4a7a-e7fd9bafe9d8
19:03:03.132 [ForkJoinPool-1-worker-1] DEBUG org.apache.http.headers - http-outgoing-3 << X-Middleton-Display: staticcontent_sol
19:03:03.132 [ForkJoinPool-1-worker-1] DEBUG org.apache.http.headers - http-outgoing-3 << X-Middleton-Response: 200
19:03:03.132 [ForkJoinPool-1-worker-1] DEBUG org.apache.http.headers - http-outgoing-3 << X-Sol: pub_site
19:03:03.132 [ForkJoinPool-1-worker-1] DEBUG org.apache.http.headers - http-outgoing-3 << Content-Length: 595
19:03:03.132 [ForkJoinPool-1-worker-1] DEBUG org.apache.http.impl.execchain.MainClientExec - Connection can be kept alive indefinitely
19:03:03.132 [ForkJoinPool-1-worker-1] DEBUG org.apache.http.impl.conn.PoolingHttpClientConnectionManager - Connection [id: 3][route: {}->http://dummy.restapiexample.com:80] can be kept alive indefinitely
19:03:03.132 [ForkJoinPool-1-worker-1] DEBUG org.apache.http.impl.conn.DefaultManagedHttpClientConnection - http-outgoing-3: set socket timeout to 0
19:03:03.132 [ForkJoinPool-1-worker-1] DEBUG org.apache.http.impl.conn.PoolingHttpClientConnectionManager - Connection released: [id: 3][route: {}->http://dummy.restapiexample.com:80][total available: 1; route allocated: 1 of 5; total allocated: 1 of 10]
19:03:03.132 [ForkJoinPool-1-worker-1] DEBUG com.intuit.karate - response time in milliseconds: 100.65
1 < 200
1 < Access-Control-Allow-Origin: *
1 < Access-Control-Expose-Headers: Content-Type, X-Requested-With, X-authentication, X-client
1 < Cache-Control: max-age=31536000
1 < Content-Type: application/json;charset=utf-8
1 < Date: Thu, 03 Dec 2020 13:41:56 GMT
1 < Display: staticcontent_sol
1 < Referrer-Policy: 
1 < Response: 200
1 < Server: nginx/1.16.0
1 < Vary: [Accept-Encoding, Accept-Encoding,User-Agent,Origin]
1 < X-Ezoic-Cdn: Hit ds;mm;64e5dcd8fd074fe044e20470a9643699;2-133674-2;11eea874-25cc-4a8a-4a7a-e7fd9bafe9d8
1 < X-Middleton-Display: staticcontent_sol
1 < X-Middleton-Response: 200
1 < X-Sol: pub_site
{"status":"success","data":[{"id":"1","employee_name":"Tiger Nixon","employee_salary":"320800","employee_age":"61","profile_image":""},{"id":"2","employee_name":"Garrett Winters","employee_salary":"170750","employee_age":"63","profile_image":""},{"id":"3","employee_name":"Ashton Cox","employee_salary":"86000","employee_age":"66","profile_image":""},{"id":"4","employee_name":"Cedric Kelly","employee_salary":"433060","employee_age":"22","profile_image":""},{"id":"5","employee_name":"Airi Satou","employee_salary":"162700","employee_age":"33","profile_image":""},{"id":"6","employee_name":"Brielle Williamson","employee_salary":"372000","employee_age":"61","profile_image":""},{"id":"7","employee_name":"Herrod Chandler","employee_salary":"137500","employee_age":"59","profile_image":""},{"id":"8","employee_name":"Rhona Davidson","employee_salary":"327900","employee_age":"55","profile_image":""},{"id":"9","employee_name":"Colleen Hurst","employee_salary":"205500","employee_age":"39","profile_image":""},{"id":"10","employee_name":"Sonya Frost","employee_salary":"103600","employee_age":"23","profile_image":""},{"id":"11","employee_name":"Jena Gaines","employee_salary":"90560","employee_age":"30","profile_image":""},{"id":"12","employee_name":"Quinn Flynn","employee_salary":"342000","employee_age":"22","profile_image":""},{"id":"13","employee_name":"Charde Marshall","employee_salary":"470600","employee_age":"36","profile_image":""},{"id":"14","employee_name":"Haley Kennedy","employee_salary":"313500","employee_age":"43","profile_image":""},{"id":"15","employee_name":"Tatyana Fitzpatrick","employee_salary":"385750","employee_age":"19","profile_image":""},{"id":"16","employee_name":"Michael Silva","employee_salary":"198500","employee_age":"66","profile_image":""},{"id":"17","employee_name":"Paul Byrd","employee_salary":"725000","employee_age":"64","profile_image":""},{"id":"18","employee_name":"Gloria Little","employee_salary":"237500","employee_age":"59","profile_image":""},{"id":"19","employee_name":"Bradley Greer","employee_salary":"132000","employee_age":"41","profile_image":""},{"id":"20","employee_name":"Dai Rios","employee_salary":"217500","employee_age":"35","profile_image":""},{"id":"21","employee_name":"Jenette Caldwell","employee_salary":"345000","employee_age":"30","profile_image":""},{"id":"22","employee_name":"Yuri Berry","employee_salary":"675000","employee_age":"40","profile_image":""},{"id":"23","employee_name":"Caesar Vance","employee_salary":"106450","employee_age":"21","profile_image":""},{"id":"24","employee_name":"Doris Wilder","employee_salary":"85600","employee_age":"23","profile_image":""}]}

19:03:03.147 [ForkJoinPool-1-worker-1] DEBUG com.jayway.jsonpath.internal.path.CompiledPath - Evaluating path: $['status']
19:03:03.147 [ForkJoinPool-1-worker-1] DEBUG com.jayway.jsonpath.internal.path.CompiledPath - Evaluating path: $['status']
19:03:03.147 [ForkJoinPool-1-worker-1] DEBUG com.jayway.jsonpath.internal.path.CompiledPath - Evaluating path: $['data']
19:03:03.147 [ForkJoinPool-1-worker-1] DEBUG com.jayway.jsonpath.internal.path.CompiledPath - Evaluating path: $
19:03:03.179 [ForkJoinPool-1-worker-1] DEBUG com.jayway.jsonpath.internal.path.CompiledPath - Evaluating path: $
19:03:03.179 [ForkJoinPool-1-worker-1] INFO com.intuit.karate - [print] {
  "profile_image": "",
  "employee_name": "Tiger Nixon",
  "employee_salary": "320800",
  "id": "1",
  "employee_age": "61"
}

19:03:03.179 [ForkJoinPool-1-worker-1] DEBUG com.jayway.jsonpath.internal.path.CompiledPath - Evaluating path: $
19:03:03.179 [ForkJoinPool-1-worker-1] INFO com.intuit.karate - [print] Tiger Nixon
19:03:03.179 [ForkJoinPool-1-worker-1] DEBUG com.jayway.jsonpath.internal.path.CompiledPath - Evaluating path: $['data'][0]['employee_name']
19:03:03.194 [pool-1-thread-1] INFO com.intuit.karate.Runner - <<pass>> feature 9 of 22: classpath:featurefiles/karate07.feature
---------------------------------------------------------
feature: classpath:featurefiles/karate07.feature
report: build\surefire-reports\featurefiles.karate07.json
scenarios:  1 | passed:  1 | failed:  0 | time: 0.1661
---------------------------------------------------------
19:03:03.304 [Finalizer] DEBUG org.apache.http.impl.conn.PoolingHttpClientConnectionManager - Connection manager is shutting down
19:03:03.304 [Finalizer] DEBUG org.apache.http.impl.conn.DefaultManagedHttpClientConnection - http-outgoing-0: Close connection
19:03:03.319 [Finalizer] DEBUG org.apache.http.impl.conn.PoolingHttpClientConnectionManager - Connection manager shut down
19:03:03.319 [Finalizer] DEBUG org.apache.http.impl.conn.PoolingHttpClientConnectionManager - Connection manager is shutting down
19:03:03.319 [Finalizer] DEBUG org.apache.http.impl.conn.DefaultManagedHttpClientConnection - http-outgoing-1: Close connection
19:03:03.319 [Finalizer] DEBUG org.apache.http.impl.conn.PoolingHttpClientConnectionManager - Connection manager shut down
19:03:03.319 [Finalizer] DEBUG org.apache.http.impl.conn.PoolingHttpClientConnectionManager - Connection manager is shutting down
19:03:03.319 [Finalizer] DEBUG org.apache.http.impl.conn.DefaultManagedHttpClientConnection - http-outgoing-2: Close connection
19:03:03.319 [Finalizer] DEBUG org.apache.http.impl.conn.PoolingHttpClientConnectionManager - Connection manager shut down
19:03:03.319 [Finalizer] DEBUG org.apache.http.impl.conn.PoolingHttpClientConnectionManager - Connection manager is shutting down
19:03:03.319 [Finalizer] DEBUG org.apache.http.impl.conn.DefaultManagedHttpClientConnection - http-outgoing-3: Close connection
19:03:03.319 [Finalizer] DEBUG org.apache.http.impl.conn.PoolingHttpClientConnectionManager - Connection manager shut down

HTML report: (paste into browser to view) | Karate version: 0.9.6
file:/C:/Work/GradleWorkspace/build/surefire-reports/karate-summary.html
===================================================================

Karate version: 0.9.6
======================================================
elapsed:   4.65 | threads:    1 | thread time: 1.92 
features:     4 | ignored:   18 | efficiency: 0.41
scenarios:    4 | passed:     4 | failed: 0
======================================================

19:03:04.600 [Test worker] DEBUG org.apache.velocity - CommonsLogLogChute name is 'org.apache.velocity'
19:03:04.600 [Test worker] DEBUG org.apache.velocity - Initializing Velocity, Calling init()...
19:03:04.600 [Test worker] DEBUG org.apache.velocity - Starting Apache Velocity v1.7 (compiled: 2010-11-19 12:14:37)
19:03:04.600 [Test worker] DEBUG org.apache.velocity - Default Properties File: org\apache\velocity\runtime\defaults\velocity.properties
19:03:04.600 [Test worker] DEBUG org.apache.velocity - Trying to use logger class org.apache.velocity.runtime.log.AvalonLogChute
19:03:04.600 [Test worker] DEBUG org.apache.velocity - Target log system for org.apache.velocity.runtime.log.AvalonLogChute is not available (java.lang.NoClassDefFoundError: org/apache/log/format/Formatter).  Falling back to next log system...
19:03:04.600 [Test worker] DEBUG org.apache.velocity - Trying to use logger class org.apache.velocity.runtime.log.Log4JLogChute
19:03:04.600 [Test worker] DEBUG org.apache.velocity - Target log system for org.apache.velocity.runtime.log.Log4JLogChute is not available (java.lang.NoClassDefFoundError: org/apache/log4j/Layout).  Falling back to next log system...
19:03:04.600 [Test worker] DEBUG org.apache.velocity - Trying to use logger class org.apache.velocity.runtime.log.CommonsLogLogChute
19:03:04.600 [Test worker] DEBUG org.apache.velocity - Using logger class org.apache.velocity.runtime.log.CommonsLogLogChute
19:03:04.616 [Test worker] DEBUG org.apache.velocity - ResourceLoader instantiated: org.apache.velocity.runtime.resource.loader.ClasspathResourceLoader
19:03:04.632 [Test worker] DEBUG org.apache.velocity - ResourceCache: initialized (class org.apache.velocity.runtime.resource.ResourceCacheImpl) with class java.util.Collections$SynchronizedMap cache map.
19:03:04.632 [Test worker] DEBUG org.apache.velocity - Loaded System Directive: org.apache.velocity.runtime.directive.Stop
19:03:04.632 [Test worker] DEBUG org.apache.velocity - Loaded System Directive: org.apache.velocity.runtime.directive.Define
19:03:04.632 [Test worker] DEBUG org.apache.velocity - Loaded System Directive: org.apache.velocity.runtime.directive.Break
19:03:04.632 [Test worker] DEBUG org.apache.velocity - Loaded System Directive: org.apache.velocity.runtime.directive.Evaluate
19:03:04.632 [Test worker] DEBUG org.apache.velocity - Loaded System Directive: org.apache.velocity.runtime.directive.Literal
19:03:04.632 [Test worker] DEBUG org.apache.velocity - Loaded System Directive: org.apache.velocity.runtime.directive.Macro
19:03:04.632 [Test worker] DEBUG org.apache.velocity - Loaded System Directive: org.apache.velocity.runtime.directive.Parse
19:03:04.632 [Test worker] DEBUG org.apache.velocity - Loaded System Directive: org.apache.velocity.runtime.directive.Include
19:03:04.632 [Test worker] DEBUG org.apache.velocity - Loaded System Directive: org.apache.velocity.runtime.directive.Foreach
19:03:04.679 [Test worker] DEBUG org.apache.velocity - Created '20' parsers.
19:03:04.694 [Test worker] DEBUG org.apache.velocity - Velocimacro : "velocimacro.library" is not set.  Trying default library: VM_global_library.vm
19:03:04.694 [Test worker] DEBUG org.apache.velocity - Could not load resource 'VM_global_library.vm' from ResourceLoader org.apache.velocity.runtime.resource.loader.ClasspathResourceLoader: ClasspathResourceLoader Error: cannot find resource VM_global_library.vm
19:03:04.694 [Test worker] DEBUG org.apache.velocity - Velocimacro : Default library not found.
19:03:04.694 [Test worker] DEBUG org.apache.velocity - Velocimacro : allowInline = true : VMs can be defined inline in templates
19:03:04.694 [Test worker] DEBUG org.apache.velocity - Velocimacro : allowInlineToOverride = false : VMs defined inline may NOT replace previous VM definitions
19:03:04.694 [Test worker] DEBUG org.apache.velocity - Velocimacro : allowInlineLocal = false : VMs defined inline will be global in scope if allowed.
19:03:04.694 [Test worker] DEBUG org.apache.velocity - Velocimacro : autoload off : VM system will not automatically reload global library macros
19:03:04.804 [Test worker] DEBUG org.apache.velocity - CommonsLogLogChute name is 'org.apache.velocity'
19:03:04.804 [Test worker] DEBUG org.apache.velocity - Initializing Velocity, Calling init()...
19:03:04.804 [Test worker] DEBUG org.apache.velocity - Starting Apache Velocity v1.7 (compiled: 2010-11-19 12:14:37)
19:03:04.804 [Test worker] DEBUG org.apache.velocity - Default Properties File: org\apache\velocity\runtime\defaults\velocity.properties
19:03:04.804 [Test worker] DEBUG org.apache.velocity - Trying to use logger class org.apache.velocity.runtime.log.AvalonLogChute
19:03:04.804 [Test worker] DEBUG org.apache.velocity - Target log system for org.apache.velocity.runtime.log.AvalonLogChute is not available (java.lang.NoClassDefFoundError: org/apache/log/format/Formatter).  Falling back to next log system...
19:03:04.804 [Test worker] DEBUG org.apache.velocity - Trying to use logger class org.apache.velocity.runtime.log.Log4JLogChute
19:03:04.804 [Test worker] DEBUG org.apache.velocity - Target log system for org.apache.velocity.runtime.log.Log4JLogChute is not available (java.lang.NoClassDefFoundError: org/apache/log4j/Layout).  Falling back to next log system...
19:03:04.804 [Test worker] DEBUG org.apache.velocity - Trying to use logger class org.apache.velocity.runtime.log.CommonsLogLogChute
19:03:04.804 [Test worker] DEBUG org.apache.velocity - Using logger class org.apache.velocity.runtime.log.CommonsLogLogChute
19:03:04.804 [Test worker] DEBUG org.apache.velocity - ResourceLoader instantiated: org.apache.velocity.runtime.resource.loader.ClasspathResourceLoader
19:03:04.804 [Test worker] DEBUG org.apache.velocity - ResourceCache: initialized (class org.apache.velocity.runtime.resource.ResourceCacheImpl) with class java.util.Collections$SynchronizedMap cache map.
19:03:04.804 [Test worker] DEBUG org.apache.velocity - Loaded System Directive: org.apache.velocity.runtime.directive.Stop
19:03:04.804 [Test worker] DEBUG org.apache.velocity - Loaded System Directive: org.apache.velocity.runtime.directive.Define
19:03:04.804 [Test worker] DEBUG org.apache.velocity - Loaded System Directive: org.apache.velocity.runtime.directive.Break
19:03:04.804 [Test worker] DEBUG org.apache.velocity - Loaded System Directive: org.apache.velocity.runtime.directive.Evaluate
19:03:04.804 [Test worker] DEBUG org.apache.velocity - Loaded System Directive: org.apache.velocity.runtime.directive.Literal
19:03:04.819 [Test worker] DEBUG org.apache.velocity - Loaded System Directive: org.apache.velocity.runtime.directive.Macro
19:03:04.819 [Test worker] DEBUG org.apache.velocity - Loaded System Directive: org.apache.velocity.runtime.directive.Parse
19:03:04.819 [Test worker] DEBUG org.apache.velocity - Loaded System Directive: org.apache.velocity.runtime.directive.Include
19:03:04.819 [Test worker] DEBUG org.apache.velocity - Loaded System Directive: org.apache.velocity.runtime.directive.Foreach
19:03:04.819 [Test worker] DEBUG org.apache.velocity - Created '20' parsers.
19:03:04.819 [Test worker] DEBUG org.apache.velocity - Velocimacro : "velocimacro.library" is not set.  Trying default library: VM_global_library.vm
19:03:04.819 [Test worker] DEBUG org.apache.velocity - Could not load resource 'VM_global_library.vm' from ResourceLoader org.apache.velocity.runtime.resource.loader.ClasspathResourceLoader: ClasspathResourceLoader Error: cannot find resource VM_global_library.vm
19:03:04.819 [Test worker] DEBUG org.apache.velocity - Velocimacro : Default library not found.
19:03:04.819 [Test worker] DEBUG org.apache.velocity - Velocimacro : allowInline = true : VMs can be defined inline in templates
19:03:04.819 [Test worker] DEBUG org.apache.velocity - Velocimacro : allowInlineToOverride = false : VMs defined inline may NOT replace previous VM definitions
19:03:04.819 [Test worker] DEBUG org.apache.velocity - Velocimacro : allowInlineLocal = false : VMs defined inline will be global in scope if allowed.
19:03:04.819 [Test worker] DEBUG org.apache.velocity - Velocimacro : autoload off : VM system will not automatically reload global library macros
19:03:04.819 [Test worker] DEBUG org.apache.velocity - CommonsLogLogChute name is 'org.apache.velocity'
19:03:04.819 [Test worker] DEBUG org.apache.velocity - Initializing Velocity, Calling init()...
19:03:04.819 [Test worker] DEBUG org.apache.velocity - Starting Apache Velocity v1.7 (compiled: 2010-11-19 12:14:37)
19:03:04.819 [Test worker] DEBUG org.apache.velocity - Default Properties File: org\apache\velocity\runtime\defaults\velocity.properties
19:03:04.819 [Test worker] DEBUG org.apache.velocity - Trying to use logger class org.apache.velocity.runtime.log.AvalonLogChute
19:03:04.819 [Test worker] DEBUG org.apache.velocity - Target log system for org.apache.velocity.runtime.log.AvalonLogChute is not available (java.lang.NoClassDefFoundError: org/apache/log/format/Formatter).  Falling back to next log system...
19:03:04.819 [Test worker] DEBUG org.apache.velocity - Trying to use logger class org.apache.velocity.runtime.log.Log4JLogChute
19:03:04.819 [Test worker] DEBUG org.apache.velocity - Target log system for org.apache.velocity.runtime.log.Log4JLogChute is not available (java.lang.NoClassDefFoundError: org/apache/log4j/Layout).  Falling back to next log system...
19:03:04.819 [Test worker] DEBUG org.apache.velocity - Trying to use logger class org.apache.velocity.runtime.log.CommonsLogLogChute
19:03:04.819 [Test worker] DEBUG org.apache.velocity - Using logger class org.apache.velocity.runtime.log.CommonsLogLogChute
19:03:04.819 [Test worker] DEBUG org.apache.velocity - ResourceLoader instantiated: org.apache.velocity.runtime.resource.loader.ClasspathResourceLoader
19:03:04.819 [Test worker] DEBUG org.apache.velocity - ResourceCache: initialized (class org.apache.velocity.runtime.resource.ResourceCacheImpl) with class java.util.Collections$SynchronizedMap cache map.
19:03:04.819 [Test worker] DEBUG org.apache.velocity - Loaded System Directive: org.apache.velocity.runtime.directive.Stop
19:03:04.819 [Test worker] DEBUG org.apache.velocity - Loaded System Directive: org.apache.velocity.runtime.directive.Define
19:03:04.819 [Test worker] DEBUG org.apache.velocity - Loaded System Directive: org.apache.velocity.runtime.directive.Break
19:03:04.819 [Test worker] DEBUG org.apache.velocity - Loaded System Directive: org.apache.velocity.runtime.directive.Evaluate
19:03:04.819 [Test worker] DEBUG org.apache.velocity - Loaded System Directive: org.apache.velocity.runtime.directive.Literal
19:03:04.819 [Test worker] DEBUG org.apache.velocity - Loaded System Directive: org.apache.velocity.runtime.directive.Macro
19:03:04.819 [Test worker] DEBUG org.apache.velocity - Loaded System Directive: org.apache.velocity.runtime.directive.Parse
19:03:04.819 [Test worker] DEBUG org.apache.velocity - Loaded System Directive: org.apache.velocity.runtime.directive.Include
19:03:04.819 [Test worker] DEBUG org.apache.velocity - Loaded System Directive: org.apache.velocity.runtime.directive.Foreach
19:03:04.819 [Test worker] DEBUG org.apache.velocity - Created '20' parsers.
19:03:04.819 [Test worker] DEBUG org.apache.velocity - Velocimacro : "velocimacro.library" is not set.  Trying default library: VM_global_library.vm
19:03:04.819 [Test worker] DEBUG org.apache.velocity - Could not load resource 'VM_global_library.vm' from ResourceLoader org.apache.velocity.runtime.resource.loader.ClasspathResourceLoader: ClasspathResourceLoader Error: cannot find resource VM_global_library.vm
19:03:04.819 [Test worker] DEBUG org.apache.velocity - Velocimacro : Default library not found.
19:03:04.819 [Test worker] DEBUG org.apache.velocity - Velocimacro : allowInline = true : VMs can be defined inline in templates
19:03:04.819 [Test worker] DEBUG org.apache.velocity - Velocimacro : allowInlineToOverride = false : VMs defined inline may NOT replace previous VM definitions
19:03:04.819 [Test worker] DEBUG org.apache.velocity - Velocimacro : allowInlineLocal = false : VMs defined inline will be global in scope if allowed.
19:03:04.819 [Test worker] DEBUG org.apache.velocity - Velocimacro : autoload off : VM system will not automatically reload global library macros
19:03:04.819 [Test worker] DEBUG org.apache.velocity - CommonsLogLogChute name is 'org.apache.velocity'
19:03:04.819 [Test worker] DEBUG org.apache.velocity - Initializing Velocity, Calling init()...
19:03:04.819 [Test worker] DEBUG org.apache.velocity - Starting Apache Velocity v1.7 (compiled: 2010-11-19 12:14:37)
19:03:04.819 [Test worker] DEBUG org.apache.velocity - Default Properties File: org\apache\velocity\runtime\defaults\velocity.properties
19:03:04.819 [Test worker] DEBUG org.apache.velocity - Trying to use logger class org.apache.velocity.runtime.log.AvalonLogChute
19:03:04.819 [Test worker] DEBUG org.apache.velocity - Target log system for org.apache.velocity.runtime.log.AvalonLogChute is not available (java.lang.NoClassDefFoundError: org/apache/log/format/Formatter).  Falling back to next log system...
19:03:04.819 [Test worker] DEBUG org.apache.velocity - Trying to use logger class org.apache.velocity.runtime.log.Log4JLogChute
19:03:04.819 [Test worker] DEBUG org.apache.velocity - Target log system for org.apache.velocity.runtime.log.Log4JLogChute is not available (java.lang.NoClassDefFoundError: org/apache/log4j/Layout).  Falling back to next log system...
19:03:04.819 [Test worker] DEBUG org.apache.velocity - Trying to use logger class org.apache.velocity.runtime.log.CommonsLogLogChute
19:03:04.819 [Test worker] DEBUG org.apache.velocity - Using logger class org.apache.velocity.runtime.log.CommonsLogLogChute
19:03:04.835 [Test worker] DEBUG org.apache.velocity - ResourceLoader instantiated: org.apache.velocity.runtime.resource.loader.ClasspathResourceLoader
19:03:04.835 [Test worker] DEBUG org.apache.velocity - ResourceCache: initialized (class org.apache.velocity.runtime.resource.ResourceCacheImpl) with class java.util.Collections$SynchronizedMap cache map.
19:03:04.835 [Test worker] DEBUG org.apache.velocity - Loaded System Directive: org.apache.velocity.runtime.directive.Stop
19:03:04.835 [Test worker] DEBUG org.apache.velocity - Loaded System Directive: org.apache.velocity.runtime.directive.Define
19:03:04.835 [Test worker] DEBUG org.apache.velocity - Loaded System Directive: org.apache.velocity.runtime.directive.Break
19:03:04.835 [Test worker] DEBUG org.apache.velocity - Loaded System Directive: org.apache.velocity.runtime.directive.Evaluate
19:03:04.835 [Test worker] DEBUG org.apache.velocity - Loaded System Directive: org.apache.velocity.runtime.directive.Literal
19:03:04.835 [Test worker] DEBUG org.apache.velocity - Loaded System Directive: org.apache.velocity.runtime.directive.Macro
19:03:04.835 [Test worker] DEBUG org.apache.velocity - Loaded System Directive: org.apache.velocity.runtime.directive.Parse
19:03:04.835 [Test worker] DEBUG org.apache.velocity - Loaded System Directive: org.apache.velocity.runtime.directive.Include
19:03:04.835 [Test worker] DEBUG org.apache.velocity - Loaded System Directive: org.apache.velocity.runtime.directive.Foreach
19:03:04.835 [Test worker] DEBUG org.apache.velocity - Created '20' parsers.
19:03:04.835 [Test worker] DEBUG org.apache.velocity - Velocimacro : "velocimacro.library" is not set.  Trying default library: VM_global_library.vm
19:03:04.835 [Test worker] DEBUG org.apache.velocity - Could not load resource 'VM_global_library.vm' from ResourceLoader org.apache.velocity.runtime.resource.loader.ClasspathResourceLoader: ClasspathResourceLoader Error: cannot find resource VM_global_library.vm
19:03:04.835 [Test worker] DEBUG org.apache.velocity - Velocimacro : Default library not found.
19:03:04.835 [Test worker] DEBUG org.apache.velocity - Velocimacro : allowInline = true : VMs can be defined inline in templates
[...]
19:03:05.444 [Test worker] DEBUG org.apache.velocity - ResourceManager : found /templates/macros/json/tags.vm with loader org.apache.velocity.runtime.resource.loader.ClasspathResourceLoader
19:03:05.444 [Test worker] DEBUG org.apache.velocity - VM #includeNavigation: too few arguments to macro. Wanted 1 got 0
19:03:05.444 [Test worker] DEBUG org.apache.velocity - Left side ($active_tab) of '==' operation has null value. If it is a reference, it may not be in the context or its toString() returned null. /templates/macros/page/navigation.vm[line 14, column 51]
19:03:05.444 [Test worker] DEBUG org.apache.velocity - Left side ($active_tab) of '==' operation has null value. If it is a reference, it may not be in the context or its toString() returned null. /templates/macros/page/navigation.vm[line 15, column 51]
19:03:05.444 [Test worker] DEBUG org.apache.velocity - Left side ($active_tab) of '==' operation has null value. If it is a reference, it may not be in the context or its toString() returned null. /templates/macros/page/navigation.vm[line 16, column 51]
19:03:05.444 [Test worker] DEBUG org.apache.velocity - Left side ($active_tab) of '==' operation has null value. If it is a reference, it may not be in the context or its toString() returned null. /templates/macros/page/navigation.vm[line 20, column 51]
19:03:05.444 [Test worker] DEBUG org.apache.velocity - VM #includeLead: too few arguments to macro. Wanted 2 got 1
19:03:05.444 [Test worker] DEBUG org.apache.velocity - VM #includeBrief: too few arguments to macro. Wanted 5 got 4
19:03:05.444 [Test worker] DEBUG org.apache.velocity - VM #includeBrief: too few arguments to macro. Wanted 5 got 4
19:03:05.460 [Test worker] DEBUG org.apache.velocity - VM #includeBrief: too few arguments to macro. Wanted 5 got 4
19:03:05.460 [Test worker] DEBUG org.apache.velocity - VM #includeBrief: too few arguments to macro. Wanted 5 got 4
19:03:05.460 [Test worker] DEBUG org.apache.velocity - VM #includeBrief: too few arguments to macro. Wanted 5 got 4
19:03:05.460 [Test worker] DEBUG org.apache.velocity - VM #includeBrief: too few arguments to macro. Wanted 5 got 4
19:03:05.460 [Test worker] DEBUG org.apache.velocity - VM #includeBrief: too few arguments to macro. Wanted 5 got 4
19:03:05.460 [Test worker] DEBUG org.apache.velocity - VM #includeBrief: too few arguments to macro. Wanted 5 got 4
19:03:05.475 [Test worker] DEBUG org.apache.velocity - ResourceManager : found /templates/footer.vm with loader org.apache.velocity.runtime.resource.loader.ClasspathResourceLoader
19:03:05.475 [Test worker] DEBUG org.apache.velocity - ResourceManager : found templates/generators/overviewSteps.vm with loader org.apache.velocity.runtime.resource.loader.ClasspathResourceLoader
19:03:05.475 [Test worker] DEBUG org.apache.velocity - ResourceManager : found /templates/headers.vm with loader org.apache.velocity.runtime.resource.loader.ClasspathResourceLoader
19:03:05.475 [Test worker] DEBUG org.apache.velocity - ResourceManager : found /templates/head.vm with loader org.apache.velocity.runtime.resource.loader.ClasspathResourceLoader
19:03:05.475 [Test worker] DEBUG org.apache.velocity - Velocimacro : added VM stringArray: source=/templates/macros/array.js.vm
19:03:05.475 [Test worker] DEBUG org.apache.velocity - Velocimacro : added VM numberArray: source=/templates/macros/array.js.vm
19:03:05.475 [Test worker] DEBUG org.apache.velocity - ResourceManager : found /templates/macros/array.js.vm with loader org.apache.velocity.runtime.resource.loader.ClasspathResourceLoader
19:03:05.475 [Test worker] DEBUG org.apache.velocity - Velocimacro : added VM includeBuildInfo: source=/templates/macros/page/buildinfo.vm
19:03:05.475 [Test worker] DEBUG org.apache.velocity - ResourceManager : found /templates/macros/page/buildinfo.vm with loader org.apache.velocity.runtime.resource.loader.ClasspathResourceLoader
19:03:05.475 [Test worker] DEBUG org.apache.velocity - Velocimacro : added VM includeClassifications: source=/templates/macros/page/classifications.vm
19:03:05.475 [Test worker] DEBUG org.apache.velocity - ResourceManager : found /templates/macros/page/classifications.vm with loader org.apache.velocity.runtime.resource.loader.ClasspathResourceLoader
19:03:05.475 [Test worker] DEBUG org.apache.velocity - Velocimacro : added VM includeLead: source=/templates/macros/page/lead.vm
19:03:05.475 [Test worker] DEBUG org.apache.velocity - ResourceManager : found /templates/macros/page/lead.vm with loader org.apache.velocity.runtime.resource.loader.ClasspathResourceLoader
19:03:05.475 [Test worker] DEBUG org.apache.velocity - Velocimacro : added VM includeNavigation: source=/templates/macros/page/navigation.vm
19:03:05.475 [Test worker] DEBUG org.apache.velocity - ResourceManager : found /templates/macros/page/navigation.vm with loader org.apache.velocity.runtime.resource.loader.ClasspathResourceLoader
19:03:05.491 [Test worker] DEBUG org.apache.velocity - Velocimacro : added VM includeReportInfo: source=/templates/macros/page/reportInfo.vm
19:03:05.491 [Test worker] DEBUG org.apache.velocity - ResourceManager : found /templates/macros/page/reportInfo.vm with loader org.apache.velocity.runtime.resource.loader.ClasspathResourceLoader
19:03:05.491 [Test worker] DEBUG org.apache.velocity - Velocimacro : added VM includeTitle: source=/templates/macros/page/title.vm
19:03:05.491 [Test worker] DEBUG org.apache.velocity - ResourceManager : found /templates/macros/page/title.vm with loader org.apache.velocity.runtime.resource.loader.ClasspathResourceLoader
19:03:05.491 [Test worker] DEBUG org.apache.velocity - Velocimacro : added VM includeExpandingButtons: source=/templates/macros/report/expandAllButtons.vm
19:03:05.491 [Test worker] DEBUG org.apache.velocity - ResourceManager : found /templates/macros/report/expandAllButtons.vm with loader org.apache.velocity.runtime.resource.loader.ClasspathResourceLoader
19:03:05.491 [Test worker] DEBUG org.apache.velocity - Velocimacro : added VM includeReportTable: source=/templates/macros/report/reportTable.vm
19:03:05.491 [Test worker] DEBUG org.apache.velocity - ResourceManager : found /templates/macros/report/reportTable.vm with loader org.apache.velocity.runtime.resource.loader.ClasspathResourceLoader
19:03:05.491 [Test worker] DEBUG org.apache.velocity - Velocimacro : added VM includeReportHeader: source=/templates/macros/report/reportHeader.vm
19:03:05.491 [Test worker] DEBUG org.apache.velocity - ResourceManager : found /templates/macros/report/reportHeader.vm with loader org.apache.velocity.runtime.resource.loader.ClasspathResourceLoader
19:03:05.491 [Test worker] DEBUG org.apache.velocity - Velocimacro : added VM includeStatsTable: source=/templates/macros/report/statsTable.vm
19:03:05.491 [Test worker] DEBUG org.apache.velocity - ResourceManager : found /templates/macros/report/statsTable.vm with loader org.apache.velocity.runtime.resource.loader.ClasspathResourceLoader
19:03:05.491 [Test worker] DEBUG org.apache.velocity - Velocimacro : added VM includeBrief: source=/templates/macros/json/brief.vm
19:03:05.491 [Test worker] DEBUG org.apache.velocity - ResourceManager : found /templates/macros/json/brief.vm with loader org.apache.velocity.runtime.resource.loader.ClasspathResourceLoader
19:03:05.491 [Test worker] DEBUG org.apache.velocity - Velocimacro : added VM includeDocString: source=/templates/macros/json/docstring.vm
19:03:05.491 [Test worker] DEBUG org.apache.velocity - ResourceManager : found /templates/macros/json/docstring.vm with loader org.apache.velocity.runtime.resource.loader.ClasspathResourceLoader
19:03:05.491 [Test worker] DEBUG org.apache.velocity - Velocimacro : added VM includeDuration: source=/templates/macros/json/duration.vm
19:03:05.491 [Test worker] DEBUG org.apache.velocity - ResourceManager : found /templates/macros/json/duration.vm with loader org.apache.velocity.runtime.resource.loader.ClasspathResourceLoader
19:03:05.491 [Test worker] DEBUG org.apache.velocity - Velocimacro : added VM includeElement: source=/templates/macros/json/element.vm
19:03:05.491 [Test worker] DEBUG org.apache.velocity - ResourceManager : found /templates/macros/json/element.vm with loader org.apache.velocity.runtime.resource.loader.ClasspathResourceLoader
19:03:05.491 [Test worker] DEBUG org.apache.velocity - Velocimacro : added VM includeEmbeddings: source=/templates/macros/json/embeddings.vm
19:03:05.491 [Test worker] DEBUG org.apache.velocity - Velocimacro : added VM includeHtmlEmbedding: source=/templates/macros/json/embeddings.vm
19:03:05.491 [Test worker] DEBUG org.apache.velocity - Velocimacro : added VM includeImageEmbedding: source=/templates/macros/json/embeddings.vm
19:03:05.491 [Test worker] DEBUG org.apache.velocity - Velocimacro : added VM includeImageReferenceEmbedding: source=/templates/macros/json/embeddings.vm
19:03:05.491 [Test worker] DEBUG org.apache.velocity - Velocimacro : added VM includeTextEmbedding: source=/templates/macros/json/embeddings.vm
19:03:05.491 [Test worker] DEBUG org.apache.velocity - Velocimacro : added VM includeUnknownEmbedding: source=/templates/macros/json/embeddings.vm
19:03:05.491 [Test worker] DEBUG org.apache.velocity - ResourceManager : found /templates/macros/json/embeddings.vm with loader org.apache.velocity.runtime.resource.loader.ClasspathResourceLoader
19:03:05.507 [Test worker] DEBUG org.apache.velocity - Velocimacro : added VM includeHooks: source=/templates/macros/json/hooks.vm
19:03:05.507 [Test worker] DEBUG org.apache.velocity - ResourceManager : found /templates/macros/json/hooks.vm with loader org.apache.velocity.runtime.resource.loader.ClasspathResourceLoader
19:03:05.507 [Test worker] DEBUG org.apache.velocity - Velocimacro : added VM includeOutput: source=/templates/macros/json/output.vm
19:03:05.507 [Test worker] DEBUG org.apache.velocity - ResourceManager : found /templates/macros/json/output.vm with loader org.apache.velocity.runtime.resource.loader.ClasspathResourceLoader
19:03:05.507 [Test worker] DEBUG org.apache.velocity - Velocimacro : added VM includeMessage: source=/templates/macros/json/message.vm
19:03:05.507 [Test worker] DEBUG org.apache.velocity - ResourceManager : found /templates/macros/json/message.vm with loader org.apache.velocity.runtime.resource.loader.ClasspathResourceLoader
19:03:05.507 [Test worker] DEBUG org.apache.velocity - Velocimacro : added VM includeSteps: source=/templates/macros/json/steps.vm
19:03:05.507 [Test worker] DEBUG org.apache.velocity - ResourceManager : found /templates/macros/json/steps.vm with loader org.apache.velocity.runtime.resource.loader.ClasspathResourceLoader
19:03:05.507 [Test worker] DEBUG org.apache.velocity - Velocimacro : added VM includeTags: source=/templates/macros/json/tags.vm
19:03:05.507 [Test worker] DEBUG org.apache.velocity - ResourceManager : found /templates/macros/json/tags.vm with loader org.apache.velocity.runtime.resource.loader.ClasspathResourceLoader
19:03:05.507 [Test worker] DEBUG org.apache.velocity - ResourceManager : found /templates/footer.vm with loader org.apache.velocity.runtime.resource.loader.ClasspathResourceLoader
19:03:05.507 [Test worker] DEBUG org.apache.velocity - ResourceManager : found templates/generators/overviewFailures.vm with loader org.apache.velocity.runtime.resource.loader.ClasspathResourceLoader
19:03:05.507 [Test worker] DEBUG org.apache.velocity - ResourceManager : found /templates/headers.vm with loader org.apache.velocity.runtime.resource.loader.ClasspathResourceLoader
19:03:05.507 [Test worker] DEBUG org.apache.velocity - ResourceManager : found /templates/head.vm with loader org.apache.velocity.runtime.resource.loader.ClasspathResourceLoader
19:03:05.507 [Test worker] DEBUG org.apache.velocity - Velocimacro : added VM stringArray: source=/templates/macros/array.js.vm
19:03:05.507 [Test worker] DEBUG org.apache.velocity - Velocimacro : added VM numberArray: source=/templates/macros/array.js.vm
19:03:05.507 [Test worker] DEBUG org.apache.velocity - ResourceManager : found /templates/macros/array.js.vm with loader org.apache.velocity.runtime.resource.loader.ClasspathResourceLoader
19:03:05.507 [Test worker] DEBUG org.apache.velocity - Velocimacro : added VM includeBuildInfo: source=/templates/macros/page/buildinfo.vm
19:03:05.507 [Test worker] DEBUG org.apache.velocity - ResourceManager : found /templates/macros/page/buildinfo.vm with loader org.apache.velocity.runtime.resource.loader.ClasspathResourceLoader
19:03:05.507 [Test worker] DEBUG org.apache.velocity - Velocimacro : added VM includeClassifications: source=/templates/macros/page/classifications.vm
19:03:05.507 [Test worker] DEBUG org.apache.velocity - ResourceManager : found /templates/macros/page/classifications.vm with loader org.apache.velocity.runtime.resource.loader.ClasspathResourceLoader
19:03:05.507 [Test worker] DEBUG org.apache.velocity - Velocimacro : added VM includeLead: source=/templates/macros/page/lead.vm
19:03:05.507 [Test worker] DEBUG org.apache.velocity - ResourceManager : found /templates/macros/page/lead.vm with loader org.apache.velocity.runtime.resource.loader.ClasspathResourceLoader
19:03:05.507 [Test worker] DEBUG org.apache.velocity - Velocimacro : added VM includeNavigation: source=/templates/macros/page/navigation.vm
19:03:05.507 [Test worker] DEBUG org.apache.velocity - ResourceManager : found /templates/macros/page/navigation.vm with loader org.apache.velocity.runtime.resource.loader.ClasspathResourceLoader
19:03:05.507 [Test worker] DEBUG org.apache.velocity - Velocimacro : added VM includeReportInfo: source=/templates/macros/page/reportInfo.vm
19:03:05.507 [Test worker] DEBUG org.apache.velocity - ResourceManager : found /templates/macros/page/reportInfo.vm with loader org.apache.velocity.runtime.resource.loader.ClasspathResourceLoader
19:03:05.522 [Test worker] DEBUG org.apache.velocity - Velocimacro : added VM includeTitle: source=/templates/macros/page/title.vm
19:03:05.522 [Test worker] DEBUG org.apache.velocity - ResourceManager : found /templates/macros/page/title.vm with loader org.apache.velocity.runtime.resource.loader.ClasspathResourceLoader
19:03:05.522 [Test worker] DEBUG org.apache.velocity - Velocimacro : added VM includeExpandingButtons: source=/templates/macros/report/expandAllButtons.vm
19:03:05.522 [Test worker] DEBUG org.apache.velocity - ResourceManager : found /templates/macros/report/expandAllButtons.vm with loader org.apache.velocity.runtime.resource.loader.ClasspathResourceLoader
19:03:05.522 [Test worker] DEBUG org.apache.velocity - Velocimacro : added VM includeReportTable: source=/templates/macros/report/reportTable.vm
19:03:05.522 [Test worker] DEBUG org.apache.velocity - ResourceManager : found /templates/macros/report/reportTable.vm with loader org.apache.velocity.runtime.resource.loader.ClasspathResourceLoader
19:03:05.522 [Test worker] DEBUG org.apache.velocity - Velocimacro : added VM includeReportHeader: source=/templates/macros/report/reportHeader.vm
19:03:05.522 [Test worker] DEBUG org.apache.velocity - ResourceManager : found /templates/macros/report/reportHeader.vm with loader org.apache.velocity.runtime.resource.loader.ClasspathResourceLoader
19:03:05.522 [Test worker] DEBUG org.apache.velocity - Velocimacro : added VM includeStatsTable: source=/templates/macros/report/statsTable.vm
19:03:05.522 [Test worker] DEBUG org.apache.velocity - ResourceManager : found /templates/macros/report/statsTable.vm with loader org.apache.velocity.runtime.resource.loader.ClasspathResourceLoader
19:03:05.522 [Test worker] DEBUG org.apache.velocity - Velocimacro : added VM includeBrief: source=/templates/macros/json/brief.vm
19:03:05.522 [Test worker] DEBUG org.apache.velocity - ResourceManager : found /templates/macros/json/brief.vm with loader org.apache.velocity.runtime.resource.loader.ClasspathResourceLoader
19:03:05.522 [Test worker] DEBUG org.apache.velocity - Velocimacro : added VM includeDocString: source=/templates/macros/json/docstring.vm
19:03:05.522 [Test worker] DEBUG org.apache.velocity - ResourceManager : found /templates/macros/json/docstring.vm with loader org.apache.velocity.runtime.resource.loader.ClasspathResourceLoader
19:03:05.522 [Test worker] DEBUG org.apache.velocity - Velocimacro : added VM includeDuration: source=/templates/macros/json/duration.vm
19:03:05.522 [Test worker] DEBUG org.apache.velocity - ResourceManager : found /templates/macros/json/duration.vm with loader org.apache.velocity.runtime.resource.loader.ClasspathResourceLoader
19:03:05.522 [Test worker] DEBUG org.apache.velocity - Velocimacro : added VM includeElement: source=/templates/macros/json/element.vm
19:03:05.522 [Test worker] DEBUG org.apache.velocity - ResourceManager : found /templates/macros/json/element.vm with loader org.apache.velocity.runtime.resource.loader.ClasspathResourceLoader
19:03:05.522 [Test worker] DEBUG org.apache.velocity - Velocimacro : added VM includeEmbeddings: source=/templates/macros/json/embeddings.vm
19:03:05.522 [Test worker] DEBUG org.apache.velocity - Velocimacro : added VM includeHtmlEmbedding: source=/templates/macros/json/embeddings.vm
19:03:05.522 [Test worker] DEBUG org.apache.velocity - Velocimacro : added VM includeImageEmbedding: source=/templates/macros/json/embeddings.vm
19:03:05.522 [Test worker] DEBUG org.apache.velocity - Velocimacro : added VM includeImageReferenceEmbedding: source=/templates/macros/json/embeddings.vm
19:03:05.522 [Test worker] DEBUG org.apache.velocity - Velocimacro : added VM includeTextEmbedding: source=/templates/macros/json/embeddings.vm
19:03:05.522 [Test worker] DEBUG org.apache.velocity - Velocimacro : added VM includeUnknownEmbedding: source=/templates/macros/json/embeddings.vm
19:03:05.522 [Test worker] DEBUG org.apache.velocity - ResourceManager : found /templates/macros/json/embeddings.vm with loader org.apache.velocity.runtime.resource.loader.ClasspathResourceLoader
19:03:05.522 [Test worker] DEBUG org.apache.velocity - Velocimacro : added VM includeHooks: source=/templates/macros/json/hooks.vm
19:03:05.522 [Test worker] DEBUG org.apache.velocity - ResourceManager : found /templates/macros/json/hooks.vm with loader org.apache.velocity.runtime.resource.loader.ClasspathResourceLoader
19:03:05.522 [Test worker] DEBUG org.apache.velocity - Velocimacro : added VM includeOutput: source=/templates/macros/json/output.vm
19:03:05.522 [Test worker] DEBUG org.apache.velocity - ResourceManager : found /templates/macros/json/output.vm with loader org.apache.velocity.runtime.resource.loader.ClasspathResourceLoader
19:03:05.522 [Test worker] DEBUG org.apache.velocity - Velocimacro : added VM includeMessage: source=/templates/macros/json/message.vm
19:03:05.522 [Test worker] DEBUG org.apache.velocity - ResourceManager : found /templates/macros/json/message.vm with loader org.apache.velocity.runtime.resource.loader.ClasspathResourceLoader
19:03:05.538 [Test worker] DEBUG org.apache.velocity - Velocimacro : added VM includeSteps: source=/templates/macros/json/steps.vm
19:03:05.538 [Test worker] DEBUG org.apache.velocity - ResourceManager : found /templates/macros/json/steps.vm with loader org.apache.velocity.runtime.resource.loader.ClasspathResourceLoader
19:03:05.538 [Test worker] DEBUG org.apache.velocity - Velocimacro : added VM includeTags: source=/templates/macros/json/tags.vm
19:03:05.538 [Test worker] DEBUG org.apache.velocity - ResourceManager : found /templates/macros/json/tags.vm with loader org.apache.velocity.runtime.resource.loader.ClasspathResourceLoader
19:03:05.538 [Test worker] DEBUG org.apache.velocity - ResourceManager : found /templates/footer.vm with loader org.apache.velocity.runtime.resource.loader.ClasspathResourceLoader
]]></system-out>
  <system-err><![CDATA[ERROR StatusLogger No log4j2 configuration file found. Using default configuration: logging only errors to the console.
]]></system-err>
</testsuite>
