<testsuite failures="0" name="src/test/java/featurefiles/karate10.feature" skipped="0" tests="5" time="1.92985">
  <testcase classname="src.test.java.featurefiles.karate10" name="Data driven testing test case Test Case 1" time="1.230381">
    <system-out>Given url "https://reqres.in" ............................................. passed
And path "/api/users?page=1" .............................................. passed
When method GET ........................................................... passed
Then status 200 ........................................................... passed
And match response.page == "##" ........................................... passed</system-out>
  </testcase>
  <testcase classname="src.test.java.featurefiles.karate10" name="Data driven testing test case Test Case 1" time="0.177674">
    <system-out>Given url "https://reqres.in" ............................................. passed
And path "/api/users?page=1" .............................................. passed
When method GET ........................................................... passed
Then status 200 ........................................................... passed
And match response.page == "##" ........................................... passed
Given url "https://reqres.in" ............................................. passed
And path "/api/users?page=2" .............................................. passed
When method GET ........................................................... passed
Then status 200 ........................................................... passed
And match response.page == "##" ........................................... passed</system-out>
  </testcase>
  <testcase classname="src.test.java.featurefiles.karate10" name="Data driven testing test case Test Case 1" time="0.167003">
    <system-out>Given url "https://reqres.in" ............................................. passed
And path "/api/users?page=1" .............................................. passed
When method GET ........................................................... passed
Then status 200 ........................................................... passed
And match response.page == "##" ........................................... passed
Given url "https://reqres.in" ............................................. passed
And path "/api/users?page=2" .............................................. passed
When method GET ........................................................... passed
Then status 200 ........................................................... passed
And match response.page == "##" ........................................... passed
Given url "https://reqres.in" ............................................. passed
And path "/api/users?page=3" .............................................. passed
When method GET ........................................................... passed
Then status 200 ........................................................... passed
And match response.page == "##" ........................................... passed</system-out>
  </testcase>
  <testcase classname="src.test.java.featurefiles.karate10" name="Data driven testing test case Test Case 1" time="0.197755">
    <system-out>Given url "https://reqres.in" ............................................. passed
And path "/api/users?page=1" .............................................. passed
When method GET ........................................................... passed
Then status 200 ........................................................... passed
And match response.page == "##" ........................................... passed
Given url "https://reqres.in" ............................................. passed
And path "/api/users?page=2" .............................................. passed
When method GET ........................................................... passed
Then status 200 ........................................................... passed
And match response.page == "##" ........................................... passed
Given url "https://reqres.in" ............................................. passed
And path "/api/users?page=3" .............................................. passed
When method GET ........................................................... passed
Then status 200 ........................................................... passed
And match response.page == "##" ........................................... passed
Given url "https://reqres.in" ............................................. passed
And path "/api/users?page=4" .............................................. passed
When method GET ........................................................... passed
Then status 200 ........................................................... passed
And match response.page == "##" ........................................... passed</system-out>
  </testcase>
  <testcase classname="src.test.java.featurefiles.karate10" name="Data driven testing test case Test Case 1" time="0.157037">
    <system-out>Given url "https://reqres.in" ............................................. passed
And path "/api/users?page=1" .............................................. passed
When method GET ........................................................... passed
Then status 200 ........................................................... passed
And match response.page == "##" ........................................... passed
Given url "https://reqres.in" ............................................. passed
And path "/api/users?page=2" .............................................. passed
When method GET ........................................................... passed
Then status 200 ........................................................... passed
And match response.page == "##" ........................................... passed
Given url "https://reqres.in" ............................................. passed
And path "/api/users?page=3" .............................................. passed
When method GET ........................................................... passed
Then status 200 ........................................................... passed
And match response.page == "##" ........................................... passed
Given url "https://reqres.in" ............................................. passed
And path "/api/users?page=4" .............................................. passed
When method GET ........................................................... passed
Then status 200 ........................................................... passed
And match response.page == "##" ........................................... passed
Given url "https://reqres.in" ............................................. passed
And path "/api/users?page=5" .............................................. passed
When method GET ........................................................... passed
Then status 200 ........................................................... passed
And match response.page == "##" ........................................... passed</system-out>
  </testcase>
</testsuite>
