<testsuite failures="1" name="src/test/java/featurefiles/karate03.feature" skipped="0" tests="1" time="0.198014">
  <testcase classname="src.test.java.featurefiles.karate03" name="XML test case 2" time="0.198014">
    <failure message="karate03.feature:33 - tried to access field com.sun.org.apache.xerces.internal.dom.ParentNode.firstChild from class com.sun.org.apache.xerces.internal.dom.DocumentImplAccAccess">Given def xml = ........................................................... passed
Then print xml ............................................................ passed
* match xml/info/id == "101" .............................................. passed
* match xml.info.id == "101" .............................................. passed
* match xml/info/tool[1] contains "&lt;name&gt;Karate&lt;/name&gt;&lt;version&gt;0.9.6&lt;/version&gt;" . passed
* match xml/info/tool[2] contains "&lt;name&gt;IntelliJ&lt;/name&gt;&lt;version&gt;2020.2&lt;/version&gt;" . passed
* match xml contains "&lt;name&gt;Karate&lt;/name&gt;&lt;version&gt;0.9.6&lt;/version&gt;" ........ passed
* match xml/info/tool contains any "&lt;name&gt;Karate&lt;/name&gt;&lt;version&gt;0.9.6&lt;/version&gt;" . failed

Stack Trace:
com.intuit.karate.exception.KarateException: karate03.feature:33 - tried to access field com.sun.org.apache.xerces.internal.dom.ParentNode.firstChild from class com.sun.org.apache.xerces.internal.dom.DocumentImplAccAccess&#13;
	at âœ½.* match xml/info/tool contains any "&lt;name&gt;Karate&lt;/name&gt;&lt;version&gt;0.9.6&lt;/version&gt;" (karate03.feature:33)</failure>
  </testcase>
</testsuite>
