<testsuite failures="0" name="src/test/java/featurefiles/writingresponsetofile.feature" skipped="0" tests="1" time="1.120363">
  <testcase classname="src.test.java.featurefiles.writingresponsetofile" name="Example1" time="1.120363">
    <system-out>* def lib = Java.type('misc.MyUtil') ...................................... passed
Given url "https://reqres.in/api/users/2" ................................. passed
When method get ........................................................... passed
Then status 200 ........................................................... passed
* lib.writeToFile("res.json", response) ................................... passed
* def res1 = read("classpath:res.json") ................................... passed
* print res1 .............................................................. passed
* def res2 = get response $.data .......................................... passed
* lib.writeToFile("res2.json", res2) ...................................... passed
* def res2 = read("classpath:res2.json") .................................. passed
* print res1 .............................................................. passed
* print res2 .............................................................. passed
* print response.data.last_name ........................................... passed
* print res2.last_name .................................................... passed
* def name = res2.last_name ............................................... passed
* def json1 = {"last_name" : #(name)} ..................................... passed
* print json1 ............................................................. passed</system-out>
  </testcase>
</testsuite>
