<testsuite failures="0" name="src/test/java/featurefiles/karate12.feature" skipped="0" tests="1" time="0.045811">
  <testcase classname="src.test.java.featurefiles.karate12" name="Non-static variable test case shortcut" time="0.045811">
    <system-out>* def env1 = .............................................................. passed
* print env1() ............................................................ passed
* def qaUrl = call env1 ................................................... passed
* print qaUrl ............................................................. passed</system-out>
  </testcase>
</testsuite>
