<testsuite failures="0" name="src/test/java/featurefiles/readingcsvdataddt.feature" skipped="0" tests="3" time="0.048342">
  <testcase classname="src.test.java.featurefiles.readingcsvdataddt" name="CSV Data Driven Testing" time="0.021866">
    <system-out>* print "1, Rakib, 32" .................................................... passed
* def json1 = {"cust_name" : Rakib} ....................................... passed
* print json1 ............................................................. passed</system-out>
  </testcase>
  <testcase classname="src.test.java.featurefiles.readingcsvdataddt" name="CSV Data Driven Testing" time="0.014369">
    <system-out>* print "1, Rakib, 32" .................................................... passed
* def json1 = {"cust_name" : Rakib} ....................................... passed
* print json1 ............................................................. passed
* print "2, Neo, 4" ....................................................... passed
* def json1 = {"cust_name" : Neo} ......................................... passed
* print json1 ............................................................. passed</system-out>
  </testcase>
  <testcase classname="src.test.java.featurefiles.readingcsvdataddt" name="CSV Data Driven Testing" time="0.012107">
    <system-out>* print "1, Rakib, 32" .................................................... passed
* def json1 = {"cust_name" : Rakib} ....................................... passed
* print json1 ............................................................. passed
* print "2, Neo, 4" ....................................................... passed
* def json1 = {"cust_name" : Neo} ......................................... passed
* print json1 ............................................................. passed
* print "3, Nemo, 6" ...................................................... passed
* def json1 = {"cust_name" : Nemo} ........................................ passed
* print json1 ............................................................. passed</system-out>
  </testcase>
</testsuite>
