<testsuite failures="0" name="featurefiles/karate06.feature" skipped="0" tests="1" time="0.317567">
  <testcase classname="featurefiles.karate06" name="SOAP API Testing with external file test case 1" time="0.317567">
    <system-out>Given url "https://www.w3schools.com/xml/tempconvert.asmx" ................ passed
And header Content-Type = "text/xml; charset=utf-8" ....................... passed
And def temp = 50 ......................................................... passed
And request read ('../payloaddata/soapapiinput.xml') ...................... passed
When soap action "https://www.w3schools.com/xml/CelsiusToFahrenheit" ...... passed
Then status 200 ........................................................... passed
And match response contains "122" ......................................... passed
And match response //CelsiusToFahrenheitResult == "122" ................... passed
And match responseHeaders['Server'] == ['Microsoft-IIS/7.5'] .............. passed
And match responseHeaders['Server'][0] == 'Microsoft-IIS/7.5' ............. passed
And match responseType == 'xml' ........................................... passed
And assert responseTime &lt;= '2000' ......................................... passed</system-out>
  </testcase>
</testsuite>
