<testsuite failures="0" name="featurefiles/karate05.feature" skipped="0" tests="1" time="0.315299">
  <testcase classname="featurefiles.karate05" name="REST API Testing test case 1" time="0.315299">
    <system-out>Given url "https://www.w3schools.com/xml/tempconvert.asmx/CelsiusToFahrenheit" . passed
And header Content-Type = "application/x-www-form-urlencoded" ............. passed
And request "Celsius=40" .................................................. passed
When method POST .......................................................... passed
Then status 200 ........................................................... passed
And match response contains "104" ......................................... passed
And match response //string contains "104" ................................ passed
And match responseHeaders['Server'] == ['Microsoft-IIS/7.5'] .............. passed
And match responseHeaders['Server'][0] == 'Microsoft-IIS/7.5' ............. passed
And match responseType == 'xml' ........................................... passed
And assert responseTime &lt;= '2000' ......................................... passed</system-out>
  </testcase>
</testsuite>
